<?xml version="1.0" encoding="UTF-8"?>
<!-- Generated by org.testng.reporters.JUnitReportReporter -->
<testsuite hostname="LAPTOP-1D78PSH8" name="GmailTestCases.VerifySharingGmail" tests="1" failures="0" timestamp="26 Jul 2017 03:53:02 GMT" time="23.171" errors="0">
  <testcase name="testSharingofGmail" time="23.171" classname="GmailTestCases.VerifySharingGmail"/>
</testsuite> <!-- GmailTestCases.VerifySharingGmail -->
