<?xml version="1.0" encoding="UTF-8"?>
<!-- Generated by org.testng.reporters.JUnitReportReporter -->
<testsuite hostname="LAPTOP-S0NUHBFQ" name="IriiisDrive.VerifyIriiisFileTagingAndSharing" tests="10" failures="0" timestamp="9 Aug 2017 07:42:28 GMT" time="245.078" errors="0">
  <testcase name="VerifonedriveTag" time="24.573" classname="IriiisDrive.VerifyIriiisFileTagingAndSharing"/>
  <testcase name="VerifdropboxdriveTag" time="24.318" classname="IriiisDrive.VerifyIriiisFileTagingAndSharing"/>
  <testcase name="VerifgoogleTag" time="24.480" classname="IriiisDrive.VerifyIriiisFileTagingAndSharing"/>
  <testcase name="VerifyDropboxSharing" time="24.079" classname="IriiisDrive.VerifyIriiisFileTagingAndSharing"/>
  <testcase name="VerifboxdriveTag" time="24.348" classname="IriiisDrive.VerifyIriiisFileTagingAndSharing"/>
  <testcase name="VerifyOnedriveSharing" time="24.992" classname="IriiisDrive.VerifyIriiisFileTagingAndSharing"/>
  <testcase name="VerifyGoogleSharing" time="24.151" classname="IriiisDrive.VerifyIriiisFileTagingAndSharing"/>
  <testcase name="VerifyIriiisSharing" time="24.953" classname="IriiisDrive.VerifyIriiisFileTagingAndSharing"/>
  <testcase name="VerifyIriiisTag" time="24.841" classname="IriiisDrive.VerifyIriiisFileTagingAndSharing"/>
  <testcase name="VerifyboxSharing" time="24.343" classname="IriiisDrive.VerifyIriiisFileTagingAndSharing"/>
</testsuite> <!-- IriiisDrive.VerifyIriiisFileTagingAndSharing -->
