<?xml version="1.0" encoding="UTF-8"?>
<!-- Generated by org.testng.reporters.JUnitReportReporter -->
<testsuite hostname="LAPTOP-1D78PSH8" name="IntegratedMailViewTestCases.VerifyTagToTopicAllAccount" tests="2" failures="0" timestamp="25 Jul 2017 07:00:08 GMT" time="23.188" errors="0">
  <testcase name="testBatchTagToTopicAllAccount" time="12.005" classname="IntegratedMailViewTestCases.VerifyTagToTopicAllAccount"/>
  <testcase name="testTagToTopicAllAccount" time="11.183" classname="IntegratedMailViewTestCases.VerifyTagToTopicAllAccount"/>
</testsuite> <!-- IntegratedMailViewTestCases.VerifyTagToTopicAllAccount -->
