<?xml version="1.0" encoding="UTF-8"?>
<!-- Generated by org.testng.reporters.JUnitReportReporter -->
<testsuite hostname="LAPTOP-1D78PSH8" name="contactTestCases.VerifyContactCreation" tests="2" failures="0" timestamp="18 Jul 2017 07:35:14 GMT" time="8.398" errors="0">
  <testcase name="testCreateContact" time="3.124" classname="contactTestCases.VerifyContactCreation"/>
  <testcase name="testContactQuickCreate" time="5.274" classname="contactTestCases.VerifyContactCreation"/>
</testsuite> <!-- contactTestCases.VerifyContactCreation -->
