<?xml version="1.0" encoding="UTF-8"?>
<!-- Generated by org.testng.reporters.JUnitReportReporter -->
<testsuite hostname="LAPTOP-1D78PSH8" name="contactTestCases.VerifyContactCreation" tests="6" failures="0" timestamp="25 Jul 2017 07:57:22 GMT" time="24.152" errors="0">
  <testcase name="testCreateContactionBySearch" time="3.113" classname="contactTestCases.VerifyContactCreation"/>
  <testcase name="testCreateContactWithoutAnyfields" time="0.674" classname="contactTestCases.VerifyContactCreation"/>
  <testcase name="testSingleContactDeletion" time="6.145" classname="contactTestCases.VerifyContactCreation"/>
  <testcase name="testContactQuickCreate" time="5.184" classname="contactTestCases.VerifyContactCreation"/>
  <testcase name="testUpdateContact" time="5.860" classname="contactTestCases.VerifyContactCreation"/>
  <testcase name="testCreateContactWithoutProfileSearch" time="3.176" classname="contactTestCases.VerifyContactCreation"/>
</testsuite> <!-- contactTestCases.VerifyContactCreation -->
