<?xml version="1.0" encoding="UTF-8"?>
<!-- Generated by org.testng.reporters.JUnitReportReporter -->
<testsuite hostname="LAPTOP-S0NUHBFQ" name="IriiisDrive.VerifyBatchFileDelete" tests="2" failures="0" timestamp="2 Aug 2017 11:49:47 GMT" time="60.522" errors="0">
  <testcase name="VerifyIriiisBatchDelete" time="30.259" classname="IriiisDrive.VerifyBatchFileDelete"/>
  <testcase name="VerifyboxBatchDelete" time="30.263" classname="IriiisDrive.VerifyBatchFileDelete"/>
</testsuite> <!-- IriiisDrive.VerifyBatchFileDelete -->
