<?xml version="1.0" encoding="UTF-8"?>
<!-- Generated by org.testng.reporters.JUnitReportReporter -->
<testsuite hostname="LAPTOP-S0NUHBFQ" name="emailTestCases.Uploaddoc" tests="2" failures="0" timestamp="18 Jul 2017 06:24:03 GMT" time="33.857" errors="0">
  <testcase name="multifileupload" time="16.932" classname="emailTestCases.Uploaddoc"/>
  <testcase name="SingleFileUpload" time="16.925" classname="emailTestCases.Uploaddoc"/>
</testsuite> <!-- emailTestCases.Uploaddoc -->
