<?xml version="1.0" encoding="UTF-8"?>
<!-- Generated by org.testng.reporters.JUnitReportReporter -->
<testsuite hostname="LAPTOP-1D78PSH8" name="GmailTestCases.VerifySendingEmailAndProcessingGmail" tests="5" failures="0" timestamp="1 Aug 2017 08:49:21 GMT" time="45.295" errors="0">
  <testcase name="testProcessingEmailGMail" time="4.858" classname="GmailTestCases.VerifySendingEmailAndProcessingGmail"/>
  <testcase name="testBatchProcessingEmailGMail" time="5.748" classname="GmailTestCases.VerifySendingEmailAndProcessingGmail"/>
  <testcase name="testBatchUnProcessingEmailGMail" time="6.788" classname="GmailTestCases.VerifySendingEmailAndProcessingGmail"/>
  <testcase name="testVerifySendingEmailGmail" time="24.244" classname="GmailTestCases.VerifySendingEmailAndProcessingGmail"/>
  <testcase name="testUnProcessingEmailGMail" time="3.657" classname="GmailTestCases.VerifySendingEmailAndProcessingGmail"/>
</testsuite> <!-- GmailTestCases.VerifySendingEmailAndProcessingGmail -->
