<?xml version="1.0" encoding="UTF-8"?>
<!-- Generated by org.testng.reporters.JUnitReportReporter -->
<testsuite hostname="LAPTOP-S0NUHBFQ" name="DocumentTestCases.Uploaddoc" tests="1" failures="0" timestamp="3 Aug 2017 06:43:44 GMT" time="34.268" errors="0">
  <testcase name="SingleFileUpload" time="34.268" classname="DocumentTestCases.Uploaddoc"/>
</testsuite> <!-- DocumentTestCases.Uploaddoc -->
