<?xml version="1.0" encoding="UTF-8"?>
<!-- Generated by org.testng.reporters.JUnitReportReporter -->
<testsuite hostname="LAPTOP-1D78PSH8" name="IntegratedMailViewTestCases.VerifyTagToTopicAllAccount" tests="2" failures="0" timestamp="26 Jul 2017 03:53:02 GMT" time="26.379" errors="0">
  <testcase name="testBatchTagToTopicAllAccount" time="14.027" classname="IntegratedMailViewTestCases.VerifyTagToTopicAllAccount"/>
  <testcase name="testTagToTopicAllAccount" time="12.352" classname="IntegratedMailViewTestCases.VerifyTagToTopicAllAccount"/>
</testsuite> <!-- IntegratedMailViewTestCases.VerifyTagToTopicAllAccount -->
