<?xml version="1.0" encoding="UTF-8"?>
<!-- Generated by org.testng.reporters.JUnitReportReporter -->
<testsuite hostname="LAPTOP-1D78PSH8" name="emailTestCases.VerifyReadUnread" tests="3" failures="0" timestamp="18 Jul 2017 10:22:20 GMT" time="24.419" errors="0">
  <testcase name="testBatchUnread" time="6.812" classname="emailTestCases.VerifyReadUnread"/>
  <testcase name="testBatchRead" time="8.098" classname="emailTestCases.VerifyReadUnread"/>
  <testcase name="testMarkAsUnread" time="9.509" classname="emailTestCases.VerifyReadUnread"/>
</testsuite> <!-- emailTestCases.VerifyReadUnread -->
