<?xml version="1.0" encoding="UTF-8"?>
<!-- Generated by org.testng.reporters.JUnitReportReporter -->
<testsuite hostname="LAPTOP-S0NUHBFQ" name="IriiisDrive.VerifyTheBatchFileUploads" tests="1" failures="0" timestamp="7 Aug 2017 05:38:45 GMT" time="58.018" errors="0">
  <testcase name="IriiisBathcFileuploads" time="58.018" classname="IriiisDrive.VerifyTheBatchFileUploads"/>
</testsuite> <!-- IriiisDrive.VerifyTheBatchFileUploads -->
