<?xml version="1.0" encoding="UTF-8"?>
<!-- Generated by org.testng.reporters.JUnitReportReporter -->
<testsuite hostname="LAPTOP-1D78PSH8" name="contactTestCases.VerifyContact" tests="1" failures="0" timestamp="1 Aug 2017 08:49:21 GMT" time="5.431" errors="0">
  <testcase name="testContactQuickCreate" time="5.431" classname="contactTestCases.VerifyContact"/>
</testsuite> <!-- contactTestCases.VerifyContact -->
