<?xml version="1.0" encoding="UTF-8"?>
<!-- Generated by org.testng.reporters.JUnitReportReporter -->
<testsuite hostname="LAPTOP-1D78PSH8" name="iriiisMailTestCases.VerifySharingIRIIIS" tests="1" failures="0" timestamp="25 Jul 2017 07:57:22 GMT" time="22.563" errors="0">
  <testcase name="testShareToTopicIRIIIS" time="22.563" classname="iriiisMailTestCases.VerifySharingIRIIIS"/>
</testsuite> <!-- iriiisMailTestCases.VerifySharingIRIIIS -->
