<?xml version="1.0" encoding="UTF-8"?>
<!-- Generated by org.testng.reporters.JUnitReportReporter -->
<testsuite hostname="LAPTOP-1D78PSH8" name="IntegratedMailViewTestCases.VerifyReadUnreadAllAccount" tests="3" failures="0" timestamp="20 Jul 2017 10:48:55 GMT" time="18.757" errors="0">
  <testcase name="testBatchUnreadAllAccount" time="4.203" classname="IntegratedMailViewTestCases.VerifyReadUnreadAllAccount"/>
  <testcase name="testBatchReadAllAccount" time="5.809" classname="IntegratedMailViewTestCases.VerifyReadUnreadAllAccount"/>
  <testcase name="testMarkAsUnreadAllAccount" time="8.745" classname="IntegratedMailViewTestCases.VerifyReadUnreadAllAccount"/>
</testsuite> <!-- IntegratedMailViewTestCases.VerifyReadUnreadAllAccount -->
