<?xml version="1.0" encoding="UTF-8"?>
<!-- Generated by org.testng.reporters.JUnitReportReporter -->
<testsuite hostname="LAPTOP-1D78PSH8" name="iriiisMailTestCases.VerifyReadUnreadIRIIIS" tests="3" failures="0" timestamp="2 Aug 2017 06:16:01 GMT" time="32.476" errors="0">
  <testcase name="testBatchUnreadIRIIIS" time="7.469" classname="iriiisMailTestCases.VerifyReadUnreadIRIIIS"/>
  <testcase name="testMarkAsUnreadIRIIIS" time="20.415" classname="iriiisMailTestCases.VerifyReadUnreadIRIIIS"/>
  <testcase name="testBatchReadIRIIIS" time="4.592" classname="iriiisMailTestCases.VerifyReadUnreadIRIIIS"/>
</testsuite> <!-- iriiisMailTestCases.VerifyReadUnreadIRIIIS -->
