<?xml version="1.0" encoding="UTF-8"?>
<!-- Generated by org.testng.reporters.JUnitReportReporter -->
<testsuite hostname="LAPTOP-S0NUHBFQ" name="IriiisDrive.VerifyRenamingTheFilesName" tests="5" failures="0" timestamp="2 Aug 2017 11:27:01 GMT" time="107.734" errors="0">
  <testcase name="VerifyOneDriveFileRename" time="21.369" classname="IriiisDrive.VerifyRenamingTheFilesName"/>
  <testcase name="VerifyBoxFileRename" time="21.298" classname="IriiisDrive.VerifyRenamingTheFilesName"/>
  <testcase name="VerifyBoxDriveFileRename" time="21.483" classname="IriiisDrive.VerifyRenamingTheFilesName"/>
  <testcase name="VerifyIriisFileRename" time="21.552" classname="IriiisDrive.VerifyRenamingTheFilesName"/>
  <testcase name="VerifygoogleFileRename" time="22.032" classname="IriiisDrive.VerifyRenamingTheFilesName"/>
</testsuite> <!-- IriiisDrive.VerifyRenamingTheFilesName -->
