<?xml version="1.0" encoding="UTF-8"?>
<!-- Generated by org.testng.reporters.JUnitReportReporter -->
<testsuite hostname="LAPTOP-1D78PSH8" name="GmailTestCases.VerifyReadUnreadGmail" tests="3" failures="0" timestamp="2 Aug 2017 06:16:01 GMT" time="48.210" errors="0">
  <testcase name="testBatchReadGmail" time="11.438" classname="GmailTestCases.VerifyReadUnreadGmail"/>
  <testcase name="testMarkAsUnreadGmail" time="21.211" classname="GmailTestCases.VerifyReadUnreadGmail"/>
  <testcase name="testBatchUnreadGmail" time="15.561" classname="GmailTestCases.VerifyReadUnreadGmail"/>
</testsuite> <!-- GmailTestCases.VerifyReadUnreadGmail -->
