<?xml version="1.0" encoding="UTF-8"?>
<!-- Generated by org.testng.reporters.JUnitReportReporter -->
<testsuite hostname="LAPTOP-1D78PSH8" name="GmailTestCases.VerifySpamGmail" tests="4" failures="0" timestamp="25 Jul 2017 07:57:22 GMT" time="34.622" errors="0">
  <testcase name="testBatchMovetoSpamGmail" time="4.913" classname="GmailTestCases.VerifySpamGmail"/>
  <testcase name="testBatchMovetoInboxOfSpamGmail" time="7.046" classname="GmailTestCases.VerifySpamGmail"/>
  <testcase name="testMarkAsNotSpamGMail" time="4.519" classname="GmailTestCases.VerifySpamGmail"/>
  <testcase name="testMoveToSpamGmail" time="18.144" classname="GmailTestCases.VerifySpamGmail"/>
</testsuite> <!-- GmailTestCases.VerifySpamGmail -->
