<?xml version="1.0" encoding="UTF-8"?>
<!-- Generated by org.testng.reporters.JUnitReportReporter -->
<testsuite hostname="LAPTOP-1D78PSH8" name="emailTestCases.VerifySendAndProcessed" tests="5" failures="0" timestamp="18 Jul 2017 10:22:20 GMT" time="33.075" errors="0">
  <testcase name="testVerifySendingEmail" time="12.858" classname="emailTestCases.VerifySendAndProcessed"/>
  <testcase name="TestUnProcessingOfEmail" time="2.886" classname="emailTestCases.VerifySendAndProcessed"/>
  <testcase name="TestBatchProcessingOfEmail" time="7.101" classname="emailTestCases.VerifySendAndProcessed"/>
  <testcase name="TestBatchUnProcessingOfEmail" time="6.283" classname="emailTestCases.VerifySendAndProcessed"/>
  <testcase name="TestProcessingOfEmail" time="3.947" classname="emailTestCases.VerifySendAndProcessed"/>
</testsuite> <!-- emailTestCases.VerifySendAndProcessed -->
