<?xml version="1.0" encoding="UTF-8"?>
<!-- Generated by org.testng.reporters.JUnitReportReporter -->
<testsuite hostname="LAPTOP-1D78PSH8" name="iriiisMailTestCases.VerifyReadUnreadIRIIIS" tests="3" failures="0" timestamp="19 Jul 2017 10:28:34 GMT" time="46.338" errors="0">
  <testcase name="testBatchUnreadGmail" time="13.199" classname="iriiisMailTestCases.VerifyReadUnreadIRIIIS"/>
  <testcase name="testBatchReadGmail" time="13.598" classname="iriiisMailTestCases.VerifyReadUnreadIRIIIS"/>
  <testcase name="testMarkAsUnreadGmail" time="19.541" classname="iriiisMailTestCases.VerifyReadUnreadIRIIIS"/>
</testsuite> <!-- iriiisMailTestCases.VerifyReadUnreadIRIIIS -->
