<?xml version="1.0" encoding="UTF-8"?>
<!-- Generated by org.testng.reporters.JUnitReportReporter -->
<testsuite hostname="LAPTOP-1D78PSH8" name="iriiisMailTestCases.VerifyReadUnreadIRIIIS" tests="3" failures="0" timestamp="25 Jul 2017 07:57:22 GMT" time="37.203" errors="0">
  <testcase name="testBatchUnreadIRIIIS" time="11.263" classname="iriiisMailTestCases.VerifyReadUnreadIRIIIS"/>
  <testcase name="testBatchReadIRIIIS" time="5.321" classname="iriiisMailTestCases.VerifyReadUnreadIRIIIS"/>
  <testcase name="testMarkAsUnreadIRIIIS" time="20.619" classname="iriiisMailTestCases.VerifyReadUnreadIRIIIS"/>
</testsuite> <!-- iriiisMailTestCases.VerifyReadUnreadIRIIIS -->
