<?xml version="1.0" encoding="UTF-8"?>
<!-- Generated by org.testng.reporters.JUnitReportReporter -->
<testsuite hostname="LAPTOP-1D78PSH8" name="iriiisMailTestCases.VerifyReadUnreadIRIIIS" tests="3" failures="0" timestamp="26 Jul 2017 03:53:02 GMT" time="37.495" errors="0">
  <testcase name="testBatchReadIRIIIS" time="6.322" classname="iriiisMailTestCases.VerifyReadUnreadIRIIIS"/>
  <testcase name="testBatchUnreadIRIIIS" time="10.618" classname="iriiisMailTestCases.VerifyReadUnreadIRIIIS"/>
  <testcase name="testMarkAsUnreadIRIIIS" time="20.555" classname="iriiisMailTestCases.VerifyReadUnreadIRIIIS"/>
</testsuite> <!-- iriiisMailTestCases.VerifyReadUnreadIRIIIS -->
