<?xml version="1.0" encoding="UTF-8"?>
<!-- Generated by org.testng.reporters.JUnitReportReporter -->
<testsuite hostname="LAPTOP-1D78PSH8" name="GmailTestCases.VerifySharingGmail" tests="1" failures="0" timestamp="2 Aug 2017 06:16:01 GMT" time="22.226" errors="0">
  <testcase name="testSharingofGmail" time="22.226" classname="GmailTestCases.VerifySharingGmail"/>
</testsuite> <!-- GmailTestCases.VerifySharingGmail -->
