<?xml version="1.0" encoding="UTF-8"?>
<!-- Generated by org.testng.reporters.JUnitReportReporter -->
<testsuite hostname="LAPTOP-1D78PSH8" name="GmailTestCases.VerifySharingGmail" tests="1" failures="0" timestamp="20 Jul 2017 05:20:55 GMT" time="22.259" errors="0">
  <testcase name="testMoveToSpamGmail" time="22.259" classname="GmailTestCases.VerifySharingGmail"/>
</testsuite> <!-- GmailTestCases.VerifySharingGmail -->
