<?xml version="1.0" encoding="UTF-8"?>
<!-- Generated by org.testng.reporters.JUnitReportReporter -->
<<<<<<< HEAD
<testsuite hostname="LAPTOP-1D78PSH8" name="IriiisDrive.VerifyIriiisFileTaging" tests="1" failures="1" timestamp="1 Aug 2017 08:49:21 GMT" time="4.304" errors="0">
  <testcase name="VerifyIriiisTag" time="4.304" classname="IriiisDrive.VerifyIriiisFileTaging">
    <failure type="org.openqa.selenium.ElementNotVisibleException" message="element not visible
  (Session info: chrome=60.0.3112.78)
  (Driver info: chromedriver=2.30.477700 (0057494ad8732195794a7b32078424f92a5fce41),platform=Windows NT 10.0.14393 x86_64) (WARNING: The server did not provide any stacktrace information)
Command duration or timeout: 35 milliseconds
Build info: version: &#039;3.4.0&#039;, revision: &#039;unknown&#039;, time: &#039;unknown&#039;
System info: host: &#039;LAPTOP-1D78PSH8&#039;, ip: &#039;192.168.132.2&#039;, os.name: &#039;Windows 10&#039;, os.arch: &#039;amd64&#039;, os.version: &#039;10.0&#039;, java.version: &#039;1.8.0_101&#039;
Driver info: org.openqa.selenium.chrome.ChromeDriver
Capabilities [{applicationCacheEnabled=false, rotatable=false, mobileEmulationEnabled=false, networkConnectionEnabled=false, chrome={chromedriverVersion=2.30.477700 (0057494ad8732195794a7b32078424f92a5fce41), userDataDir=C:\Users\Praveen\AppData\Local\Temp\scoped_dir44756_27838}, takesHeapSnapshot=true, pageLoadStrategy=normal, databaseEnabled=false, handlesAlerts=true, hasTouchScreen=false, version=60.0.3112.78, platform=XP, browserConnectionEnabled=false, nativeEvents=true, acceptSslCerts=true, locationContextEnabled=true, webStorageEnabled=true, browserName=chrome, takesScreenshot=true, javascriptEnabled=true, cssSelectorsEnabled=true, unexpectedAlertBehaviour=}]
Session ID: 0175431c75341022d513137fc821dae1">
      <![CDATA[org.openqa.selenium.ElementNotVisibleException: element not visible
  (Session info: chrome=60.0.3112.78)
  (Driver info: chromedriver=2.30.477700 (0057494ad8732195794a7b32078424f92a5fce41),platform=Windows NT 10.0.14393 x86_64) (WARNING: The server did not provide any stacktrace information)
Command duration or timeout: 35 milliseconds
Build info: version: '3.4.0', revision: 'unknown', time: 'unknown'
System info: host: 'LAPTOP-1D78PSH8', ip: '192.168.132.2', os.name: 'Windows 10', os.arch: 'amd64', os.version: '10.0', java.version: '1.8.0_101'
Driver info: org.openqa.selenium.chrome.ChromeDriver
Capabilities [{applicationCacheEnabled=false, rotatable=false, mobileEmulationEnabled=false, networkConnectionEnabled=false, chrome={chromedriverVersion=2.30.477700 (0057494ad8732195794a7b32078424f92a5fce41), userDataDir=C:\Users\Praveen\AppData\Local\Temp\scoped_dir44756_27838}, takesHeapSnapshot=true, pageLoadStrategy=normal, databaseEnabled=false, handlesAlerts=true, hasTouchScreen=false, version=60.0.3112.78, platform=XP, browserConnectionEnabled=false, nativeEvents=true, acceptSslCerts=true, locationContextEnabled=true, webStorageEnabled=true, browserName=chrome, takesScreenshot=true, javascriptEnabled=true, cssSelectorsEnabled=true, unexpectedAlertBehaviour=}]
Session ID: 0175431c75341022d513137fc821dae1
	at sun.reflect.NativeConstructorAccessorImpl.newInstance0(Native Method)
	at sun.reflect.NativeConstructorAccessorImpl.newInstance(NativeConstructorAccessorImpl.java:62)
	at sun.reflect.DelegatingConstructorAccessorImpl.newInstance(DelegatingConstructorAccessorImpl.java:45)
	at java.lang.reflect.Constructor.newInstance(Constructor.java:423)
	at org.openqa.selenium.remote.ErrorHandler.createThrowable(ErrorHandler.java:215)
	at org.openqa.selenium.remote.ErrorHandler.throwIfResponseFailed(ErrorHandler.java:167)
	at org.openqa.selenium.remote.RemoteWebDriver.execute(RemoteWebDriver.java:671)
	at org.openqa.selenium.remote.RemoteWebElement.execute(RemoteWebElement.java:272)
	at org.openqa.selenium.remote.RemoteWebElement.click(RemoteWebElement.java:82)
	at sun.reflect.GeneratedMethodAccessor3.invoke(Unknown Source)
	at sun.reflect.DelegatingMethodAccessorImpl.invoke(DelegatingMethodAccessorImpl.java:43)
	at java.lang.reflect.Method.invoke(Method.java:498)
	at org.openqa.selenium.support.pagefactory.internal.LocatingElementHandler.invoke(LocatingElementHandler.java:51)
	at com.sun.proxy.$Proxy7.click(Unknown Source)
	at Pages.DocumentsPage.ClickonRequiredAccount(DocumentsPage.java:92)
	at DocumentTestCases.VerifyFileTaging.SelectAccount(VerifyFileTaging.java:33)
	at IriiisDrive.VerifyIriiisFileTaging.VerifyIriiisTag(VerifyIriiisFileTaging.java:17)
=======
<testsuite hostname="LAPTOP-S0NUHBFQ" name="IriiisDrive.VerifyIriiisFileTaging" tests="10" failures="0" timestamp="1 Aug 2017 09:37:23 GMT" time="243.340" errors="1">
  <testcase name="VerifboxdriveTag" time="24.452" classname="IriiisDrive.VerifyIriiisFileTaging"/>
  <testcase name="VerifyGoogleSharing" time="24.136" classname="IriiisDrive.VerifyIriiisFileTaging"/>
  <testcase name="VerifdropboxdriveTag" time="24.467" classname="IriiisDrive.VerifyIriiisFileTaging"/>
  <testcase name="VerifyDropboxSharing" time="24.620" classname="IriiisDrive.VerifyIriiisFileTaging">
    <error type="java.lang.AssertionError" message="Share to Topic got failed expected [true] but found [false]">
      <![CDATA[java.lang.AssertionError: Share to Topic got failed expected [true] but found [false]
	at org.testng.Assert.fail(Assert.java:94)
	at org.testng.Assert.failNotEquals(Assert.java:494)
	at org.testng.Assert.assertEquals(Assert.java:123)
	at org.testng.Assert.assertEquals(Assert.java:286)
	at DocumentTestCases.VerifyFileTaging.SharingtoTopic(VerifyFileTaging.java:173)
	at IriiisDrive.VerifyIriiisFileTaging.VerifyDropboxSharing(VerifyIriiisFileTaging.java:90)
>>>>>>> e7bc21918901d9a932c1396ebc47be67841a405b
	at sun.reflect.NativeMethodAccessorImpl.invoke0(Native Method)
	at sun.reflect.NativeMethodAccessorImpl.invoke(NativeMethodAccessorImpl.java:62)
	at sun.reflect.DelegatingMethodAccessorImpl.invoke(DelegatingMethodAccessorImpl.java:43)
	at java.lang.reflect.Method.invoke(Method.java:498)
	at org.testng.internal.MethodInvocationHelper.invokeMethod(MethodInvocationHelper.java:80)
	at org.testng.internal.Invoker.invokeMethod(Invoker.java:714)
	at org.testng.internal.Invoker.invokeTestMethod(Invoker.java:901)
	at org.testng.internal.Invoker.invokeTestMethods(Invoker.java:1231)
	at org.testng.internal.TestMethodWorker.invokeTestMethods(TestMethodWorker.java:127)
	at org.testng.internal.TestMethodWorker.run(TestMethodWorker.java:111)
	at org.testng.TestRunner.privateRun(TestRunner.java:767)
	at org.testng.TestRunner.run(TestRunner.java:617)
	at org.testng.SuiteRunner.runTest(SuiteRunner.java:334)
	at org.testng.SuiteRunner.runSequentially(SuiteRunner.java:329)
	at org.testng.SuiteRunner.privateRun(SuiteRunner.java:291)
	at org.testng.SuiteRunner.run(SuiteRunner.java:240)
	at org.testng.SuiteRunnerWorker.runSuite(SuiteRunnerWorker.java:52)
	at org.testng.SuiteRunnerWorker.run(SuiteRunnerWorker.java:86)
	at org.testng.TestNG.runSuitesSequentially(TestNG.java:1198)
	at org.testng.TestNG.runSuitesLocally(TestNG.java:1123)
	at org.testng.TestNG.run(TestNG.java:1031)
	at org.testng.remote.AbstractRemoteTestNG.run(AbstractRemoteTestNG.java:132)
	at org.testng.remote.RemoteTestNG.initAndRun(RemoteTestNG.java:230)
	at org.testng.remote.RemoteTestNG.main(RemoteTestNG.java:76)
]]>
<<<<<<< HEAD
    </failure>
  </testcase> <!-- VerifyIriiisTag -->
=======
    </error>
  </testcase> <!-- VerifyDropboxSharing -->
  <testcase name="VerifgoogleTag" time="24.277" classname="IriiisDrive.VerifyIriiisFileTaging"/>
  <testcase name="VerifyboxSharing" time="23.945" classname="IriiisDrive.VerifyIriiisFileTaging"/>
  <testcase name="VerifyOnedriveSharing" time="24.321" classname="IriiisDrive.VerifyIriiisFileTaging"/>
  <testcase name="VerifyIriiisTag" time="24.316" classname="IriiisDrive.VerifyIriiisFileTaging"/>
  <testcase name="VerifonedriveTag" time="24.127" classname="IriiisDrive.VerifyIriiisFileTaging"/>
  <testcase name="VerifyIriiisSharing" time="24.679" classname="IriiisDrive.VerifyIriiisFileTaging"/>
>>>>>>> e7bc21918901d9a932c1396ebc47be67841a405b
</testsuite> <!-- IriiisDrive.VerifyIriiisFileTaging -->
