<?xml version="1.0" encoding="UTF-8"?>
<!-- Generated by org.testng.reporters.JUnitReportReporter -->
<testsuite hostname="LAPTOP-1D78PSH8" name="GmailTestCases.VerifySendingEmailAndProcessingGmail" tests="5" failures="0" timestamp="20 Jul 2017 05:20:55 GMT" time="62.078" errors="0">
  <testcase name="testProcessingEmailGMail" time="4.855" classname="GmailTestCases.VerifySendingEmailAndProcessingGmail"/>
  <testcase name="testBatchProcessingEmailGMail" time="14.967" classname="GmailTestCases.VerifySendingEmailAndProcessingGmail"/>
  <testcase name="testUnProcessingEmailGMail" time="3.397" classname="GmailTestCases.VerifySendingEmailAndProcessingGmail"/>
  <testcase name="testBatchUnProcessingEmailGMail" time="14.675" classname="GmailTestCases.VerifySendingEmailAndProcessingGmail"/>
  <testcase name="testVerifySendingEmailGmail" time="24.184" classname="GmailTestCases.VerifySendingEmailAndProcessingGmail"/>
</testsuite> <!-- GmailTestCases.VerifySendingEmailAndProcessingGmail -->
