<?xml version="1.0" encoding="UTF-8"?>
<!-- Generated by org.testng.reporters.JUnitReportReporter -->
<testsuite hostname="LAPTOP-S0NUHBFQ" name="IriiisDrive.VerifyFilesTrashAndUntrash" tests="4" failures="0" timestamp="9 Aug 2017 07:42:28 GMT" time="133.135" errors="0">
  <testcase name="VerifyBoxFileTrash" time="32.830" classname="IriiisDrive.VerifyFilesTrashAndUntrash"/>
  <testcase name="VerifyIriiisFileTrash" time="34.057" classname="IriiisDrive.VerifyFilesTrashAndUntrash"/>
  <testcase name="VerifyDropboxFileTrash" time="33.087" classname="IriiisDrive.VerifyFilesTrashAndUntrash"/>
  <testcase name="VerifyGoogleFileTrash" time="33.161" classname="IriiisDrive.VerifyFilesTrashAndUntrash"/>
</testsuite> <!-- IriiisDrive.VerifyFilesTrashAndUntrash -->
