<?xml version="1.0" encoding="UTF-8"?>
<!-- Generated by org.testng.reporters.JUnitReportReporter -->
<testsuite hostname="LAPTOP-1D78PSH8" name="GmailTestCases.VerifySpamGmail" tests="4" failures="0" timestamp="2 Aug 2017 06:16:01 GMT" time="40.979" errors="0">
  <testcase name="testMarkAsNotSpamGMail" time="4.971" classname="GmailTestCases.VerifySpamGmail"/>
  <testcase name="testMoveToSpamGmail" time="17.797" classname="GmailTestCases.VerifySpamGmail"/>
  <testcase name="testBatchMovetoSpamGmail" time="8.135" classname="GmailTestCases.VerifySpamGmail"/>
  <testcase name="testBatchMovetoInboxOfSpamGmail" time="10.076" classname="GmailTestCases.VerifySpamGmail"/>
</testsuite> <!-- GmailTestCases.VerifySpamGmail -->
