<?xml version="1.0" encoding="UTF-8"?>
<!-- Generated by org.testng.reporters.JUnitReportReporter -->
<testsuite hostname="LAPTOP-1D78PSH8" name="GmailTestCases.VerifyTashGmail" tests="6" failures="0" timestamp="26 Jul 2017 03:53:02 GMT" time="57.214" errors="0">
  <testcase name="testBatchMovetoInboxOfTrashGmail" time="7.433" classname="GmailTestCases.VerifyTashGmail"/>
  <testcase name="testBatchDeleteForeverGmail" time="0.000" classname="GmailTestCases.VerifyTashGmail"/>
  <testcase name="testMoveToTrashGmail" time="17.239" classname="GmailTestCases.VerifyTashGmail"/>
  <testcase name="testDeleteForeverGmail" time="10.303" classname="GmailTestCases.VerifyTashGmail"/>
  <testcase name="testMovetoInboxOfTrashEmailGmail" time="16.315" classname="GmailTestCases.VerifyTashGmail"/>
  <testcase name="testBatchMoveToTrashGmail" time="5.924" classname="GmailTestCases.VerifyTashGmail"/>
</testsuite> <!-- GmailTestCases.VerifyTashGmail -->
