<?xml version="1.0" encoding="UTF-8"?>
<!-- Generated by org.testng.reporters.JUnitReportReporter -->
<testsuite hostname="LAPTOP-1D78PSH8" name="emailTestCases.VerifySpam" tests="4" failures="0" timestamp="19 Jul 2017 07:53:32 GMT" time="43.056" errors="0">
  <testcase name="testMoveToSpam" time="4.730" classname="emailTestCases.VerifySpam"/>
  <testcase name="TestBatchMovetoInboxOfSpamEmail" time="19.051" classname="emailTestCases.VerifySpam"/>
  <testcase name="testMarkAsNotSpam" time="3.240" classname="emailTestCases.VerifySpam"/>
  <testcase name="TestBatchMovetoSpamOfEmail" time="16.035" classname="emailTestCases.VerifySpam"/>
</testsuite> <!-- emailTestCases.VerifySpam -->
