<?xml version="1.0" encoding="UTF-8"?>
<!-- Generated by org.testng.reporters.JUnitReportReporter -->
<testsuite hostname="LAPTOP-1D78PSH8" name="IntegratedMailViewTestCases.VerifyReadUnreadAllAccount" tests="3" failures="0" timestamp="20 Jul 2017 05:20:55 GMT" time="44.173" errors="0">
  <testcase name="testBatchReadAllAccount" time="21.186" classname="IntegratedMailViewTestCases.VerifyReadUnreadAllAccount"/>
  <testcase name="testMarkAsUnreadAllAccount" time="11.036" classname="IntegratedMailViewTestCases.VerifyReadUnreadAllAccount"/>
  <testcase name="testBatchUnreadAllAccount" time="11.951" classname="IntegratedMailViewTestCases.VerifyReadUnreadAllAccount"/>
</testsuite> <!-- IntegratedMailViewTestCases.VerifyReadUnreadAllAccount -->
