<?xml version="1.0" encoding="UTF-8"?>
<!-- Generated by org.testng.reporters.JUnitReportReporter -->
<testsuite hostname="LAPTOP-S0NUHBFQ" name="iriiisMailTestCases.VerifyattachandEmails" tests="1" failures="0" timestamp="27 Jul 2017 06:17:37 GMT" time="22.341" errors="0">
  <testcase name="VeiryAttachments" time="22.341" classname="iriiisMailTestCases.VerifyattachandEmails"/>
</testsuite> <!-- iriiisMailTestCases.VerifyattachandEmails -->
