<?xml version="1.0" encoding="UTF-8"?>
<!-- Generated by org.testng.reporters.JUnitReportReporter -->
<testsuite hostname="LAPTOP-1D78PSH8" name="GmailTestCases.VerifySpamGmail" tests="4" failures="0" timestamp="25 Jul 2017 07:30:07 GMT" time="34.155" errors="0">
  <testcase name="testBatchMovetoSpamGmail" time="4.853" classname="GmailTestCases.VerifySpamGmail"/>
  <testcase name="testMoveToSpamGmail" time="17.230" classname="GmailTestCases.VerifySpamGmail"/>
  <testcase name="testMarkAsNotSpamGMail" time="4.555" classname="GmailTestCases.VerifySpamGmail"/>
  <testcase name="testBatchMovetoInboxOfSpamGmail" time="7.517" classname="GmailTestCases.VerifySpamGmail"/>
</testsuite> <!-- GmailTestCases.VerifySpamGmail -->
