<?xml version="1.0" encoding="UTF-8"?>
<!-- Generated by org.testng.reporters.JUnitReportReporter -->
<testsuite hostname="LAPTOP-1D78PSH8" name="testcases.VerifyEmail1" tests="4" failures="0" timestamp="14 Jul 2017 10:08:16 GMT" time="26.785" errors="0">
  <testcase name="testMarkAsNotSpam" time="2.971" classname="testcases.VerifyEmail1"/>
  <testcase name="TestBatchMovetoSpamOfEmail" time="9.811" classname="testcases.VerifyEmail1"/>
  <testcase name="testMoveToSpam" time="4.487" classname="testcases.VerifyEmail1"/>
  <testcase name="TestBatchMovetoInboxOfSpamEmail" time="9.516" classname="testcases.VerifyEmail1"/>
</testsuite> <!-- testcases.VerifyEmail1 -->
