<?xml version="1.0" encoding="UTF-8"?>
<!-- Generated by org.testng.reporters.JUnitReportReporter -->
<testsuite hostname="LAPTOP-1D78PSH8" name="GmailTestCases.VerifyReadUnreadGmail" tests="3" failures="0" timestamp="19 Jul 2017 09:00:03 GMT" time="57.552" errors="0">
  <testcase name="testMarkAsUnreadGmail" time="20.519" classname="GmailTestCases.VerifyReadUnreadGmail"/>
  <testcase name="testBatchReadGmail" time="25.320" classname="GmailTestCases.VerifyReadUnreadGmail"/>
  <testcase name="testBatchUnreadGmail" time="11.713" classname="GmailTestCases.VerifyReadUnreadGmail"/>
</testsuite> <!-- GmailTestCases.VerifyReadUnreadGmail -->
