<?xml version="1.0" encoding="UTF-8"?>
<!-- Generated by org.testng.reporters.JUnitReportReporter -->
<testsuite hostname="LAPTOP-1D78PSH8" name="IntegratedMailViewTestCases.VerifySendingEmailAndProcessingAllAccount" tests="5" failures="0" timestamp="20 Jul 2017 10:48:55 GMT" time="27.415" errors="0">
  <testcase name="testProcessingEmailAllAccount" time="3.649" classname="IntegratedMailViewTestCases.VerifySendingEmailAndProcessingAllAccount"/>
  <testcase name="testVerifySendingEmailAllAccount" time="12.345" classname="IntegratedMailViewTestCases.VerifySendingEmailAndProcessingAllAccount"/>
  <testcase name="testUnProcessingEmailAllAccount" time="2.613" classname="IntegratedMailViewTestCases.VerifySendingEmailAndProcessingAllAccount"/>
  <testcase name="testBatchProcessingEmailAllAccount" time="4.603" classname="IntegratedMailViewTestCases.VerifySendingEmailAndProcessingAllAccount"/>
  <testcase name="testBatchUnProcessingEmailAllAccount" time="4.205" classname="IntegratedMailViewTestCases.VerifySendingEmailAndProcessingAllAccount"/>
</testsuite> <!-- IntegratedMailViewTestCases.VerifySendingEmailAndProcessingAllAccount -->
