<?xml version="1.0" encoding="UTF-8"?>
<!-- Generated by org.testng.reporters.JUnitReportReporter -->
<testsuite hostname="LAPTOP-1D78PSH8" name="iriiisMailTestCases.VerifySendingEmailAndProcessingIRIIIS" tests="5" failures="0" timestamp="25 Jul 2017 07:00:08 GMT" time="40.074" errors="0">
  <testcase name="testBatchUnProcessingEmailIRIIIS" time="4.936" classname="iriiisMailTestCases.VerifySendingEmailAndProcessingIRIIIS"/>
  <testcase name="testBatchProcessingEmailIRIIIS" time="4.135" classname="iriiisMailTestCases.VerifySendingEmailAndProcessingIRIIIS"/>
  <testcase name="testUnProcessingEmailIRIIIS" time="2.913" classname="iriiisMailTestCases.VerifySendingEmailAndProcessingIRIIIS"/>
  <testcase name="testVerifySendingEmailIRIIIS" time="24.065" classname="iriiisMailTestCases.VerifySendingEmailAndProcessingIRIIIS"/>
  <testcase name="testProcessingEmailIRIIIS" time="4.025" classname="iriiisMailTestCases.VerifySendingEmailAndProcessingIRIIIS"/>
</testsuite> <!-- iriiisMailTestCases.VerifySendingEmailAndProcessingIRIIIS -->
