<?xml version="1.0" encoding="UTF-8"?>
<!-- Generated by org.testng.reporters.JUnitReportReporter -->
<testsuite hostname="LAPTOP-1D78PSH8" name="iriiisMailTestCases.VerifyTagToTopicIRIIIS" tests="2" failures="0" timestamp="26 Jul 2017 03:53:02 GMT" time="50.873" errors="0">
  <testcase name="testTagToTopicIRIIIS" time="23.281" classname="iriiisMailTestCases.VerifyTagToTopicIRIIIS"/>
  <testcase name="testBatchTagToTopicIRIIIS" time="27.592" classname="iriiisMailTestCases.VerifyTagToTopicIRIIIS"/>
</testsuite> <!-- iriiisMailTestCases.VerifyTagToTopicIRIIIS -->
