<?xml version="1.0" encoding="UTF-8"?>
<!-- Generated by org.testng.reporters.JUnitReportReporter -->
<testsuite hostname="LAPTOP-1D78PSH8" name="IntegratedMailViewTestCases.VerifyReadUnreadAllAccount" tests="3" failures="0" timestamp="25 Jul 2017 07:00:08 GMT" time="25.258" errors="0">
  <testcase name="testMarkAsUnreadAllAccount" time="9.461" classname="IntegratedMailViewTestCases.VerifyReadUnreadAllAccount"/>
  <testcase name="testBatchUnreadAllAccount" time="10.514" classname="IntegratedMailViewTestCases.VerifyReadUnreadAllAccount"/>
  <testcase name="testBatchReadAllAccount" time="5.283" classname="IntegratedMailViewTestCases.VerifyReadUnreadAllAccount"/>
</testsuite> <!-- IntegratedMailViewTestCases.VerifyReadUnreadAllAccount -->
