<?xml version="1.0" encoding="UTF-8"?>
<!-- Generated by org.testng.reporters.JUnitReportReporter -->
<testsuite hostname="LAPTOP-1D78PSH8" name="GmailTestCases.VerifyReadUnreadGmail" tests="3" failures="0" timestamp="25 Jul 2017 07:00:08 GMT" time="42.070" errors="0">
  <testcase name="testBatchReadGmail" time="14.866" classname="GmailTestCases.VerifyReadUnreadGmail"/>
  <testcase name="testBatchUnreadGmail" time="6.415" classname="GmailTestCases.VerifyReadUnreadGmail"/>
  <testcase name="testMarkAsUnreadGmail" time="20.789" classname="GmailTestCases.VerifyReadUnreadGmail"/>
</testsuite> <!-- GmailTestCases.VerifyReadUnreadGmail -->
