<?xml version="1.0" encoding="UTF-8"?>
<!-- Generated by org.testng.reporters.JUnitReportReporter -->
<testsuite hostname="LAPTOP-S0NUHBFQ" name="iriiisMailTestCases.VerifyattachandEmails" tests="1" failures="0" timestamp="20 Jul 2017 07:17:21 GMT" time="17.130" errors="0">
  <testcase name="VeiryAttachments" time="17.130" classname="iriiisMailTestCases.VerifyattachandEmails"/>
</testsuite> <!-- iriiisMailTestCases.VerifyattachandEmails -->
