<?xml version="1.0" encoding="UTF-8"?>
<!-- Generated by org.testng.reporters.JUnitReportReporter -->
<testsuite hostname="LAPTOP-S0NUHBFQ" name="IriiisDrive.Filetag" tests="1" failures="0" timestamp="24 Jul 2017 12:59:39 GMT" time="18.259" errors="0">
  <testcase name="VerifyIriiisTag" time="18.259" classname="IriiisDrive.Filetag"/>
</testsuite> <!-- IriiisDrive.Filetag -->
