<?xml version="1.0" encoding="UTF-8"?>
<!-- Generated by org.testng.reporters.JUnitReportReporter -->
<testsuite hostname="LAPTOP-1D78PSH8" name="contactTestCases.VerifyContactDuplicateContact" tests="4" failures="0" timestamp="2 Aug 2017 06:16:01 GMT" time="43.476" errors="0">
  <testcase name="testCreatingContactGroup" time="16.399" classname="contactTestCases.VerifyContactDuplicateContact"/>
  <testcase name="testContactRemovalFromGroupWhenContactDeleted" time="18.888" classname="contactTestCases.VerifyContactDuplicateContact"/>
  <testcase name="testInitiatingContactForOneOnOneChat" time="1.481" classname="contactTestCases.VerifyContactDuplicateContact"/>
  <testcase name="testDuplicateContact" time="6.708" classname="contactTestCases.VerifyContactDuplicateContact"/>
</testsuite> <!-- contactTestCases.VerifyContactDuplicateContact -->
