<?xml version="1.0" encoding="UTF-8"?>
<!-- Generated by org.testng.reporters.JUnitReportReporter -->
<testsuite hostname="LAPTOP-1D78PSH8" name="iriiisMailTestCases.VerifySpamIRIIIS" tests="4" failures="0" timestamp="26 Jul 2017 03:53:02 GMT" time="30.575" errors="0">
  <testcase name="testBatchMovetoSpamIRIIIS" time="4.500" classname="iriiisMailTestCases.VerifySpamIRIIIS"/>
  <testcase name="testMoveToSpamIRIIIS" time="16.194" classname="iriiisMailTestCases.VerifySpamIRIIIS"/>
  <testcase name="testMarkAsNotSpamIRIIIS" time="3.834" classname="iriiisMailTestCases.VerifySpamIRIIIS"/>
  <testcase name="testBatchMovetoInboxOfSpamIRIIIS" time="6.047" classname="iriiisMailTestCases.VerifySpamIRIIIS"/>
</testsuite> <!-- iriiisMailTestCases.VerifySpamIRIIIS -->
