<?xml version="1.0" encoding="UTF-8"?>
<!-- Generated by org.testng.reporters.JUnitReportReporter -->
<testsuite hostname="LAPTOP-1D78PSH8" name="IntegratedMailViewTestCases.VerifyReadUnreadAllAccount" tests="3" failures="0" timestamp="26 Jul 2017 03:53:02 GMT" time="27.522" errors="0">
  <testcase name="testBatchReadAllAccount" time="6.632" classname="IntegratedMailViewTestCases.VerifyReadUnreadAllAccount"/>
  <testcase name="testMarkAsUnreadAllAccount" time="10.436" classname="IntegratedMailViewTestCases.VerifyReadUnreadAllAccount"/>
  <testcase name="testBatchUnreadAllAccount" time="10.454" classname="IntegratedMailViewTestCases.VerifyReadUnreadAllAccount"/>
</testsuite> <!-- IntegratedMailViewTestCases.VerifyReadUnreadAllAccount -->
