<?xml version="1.0" encoding="UTF-8"?>
<!-- Generated by org.testng.reporters.JUnitReportReporter -->
<<<<<<< HEAD
<testsuite hostname="LAPTOP-1D78PSH8" name="IriiisDrive.VerifyFilesTrashAndUntrash" tests="1" failures="0" timestamp="31 Jul 2017 12:02:53 GMT" time="21.527" errors="0">
  <testcase name="VerifyOnedriveFileTrash" time="21.527" classname="IriiisDrive.VerifyFilesTrashAndUntrash"/>
=======
<<<<<<< HEAD
<testsuite hostname="LAPTOP-S0NUHBFQ" name="IriiisDrive.VerifyFilesTrashAndUntrash" tests="1" failures="0" timestamp="31 Jul 2017 11:31:48 GMT" time="28.268" errors="0">
  <testcase name="VerifyOnedriveFileTrash" time="28.268" classname="IriiisDrive.VerifyFilesTrashAndUntrash"/>
=======
<testsuite hostname="LAPTOP-1D78PSH8" name="IriiisDrive.VerifyFilesTrashAndUntrash" tests="5" failures="0" timestamp="31 Jul 2017 11:36:08 GMT" time="91.917" errors="0">
  <testcase name="VerifyDropboxFileTrash" time="17.653" classname="IriiisDrive.VerifyFilesTrashAndUntrash"/>
  <testcase name="VerifyBoxFileTrash" time="17.670" classname="IriiisDrive.VerifyFilesTrashAndUntrash"/>
  <testcase name="VerifyOnedriveFileTrash" time="18.591" classname="IriiisDrive.VerifyFilesTrashAndUntrash"/>
  <testcase name="VerifyGoogleFileTrash" time="17.633" classname="IriiisDrive.VerifyFilesTrashAndUntrash"/>
  <testcase name="VerifyIriiisFileTrash" time="20.370" classname="IriiisDrive.VerifyFilesTrashAndUntrash"/>
>>>>>>> 817029f76cf82bd4418891373023771a41ea3e2d
>>>>>>> 884e7c6b86c7fb1c498fddee32e3980eef5b7b55
</testsuite> <!-- IriiisDrive.VerifyFilesTrashAndUntrash -->
