<?xml version="1.0" encoding="UTF-8"?>
<!-- Generated by org.testng.reporters.JUnitReportReporter -->
<testsuite hostname="LAPTOP-1D78PSH8" name="iriiisMailTestCases.VerifySpamIRIIIS" tests="4" failures="0" timestamp="2 Aug 2017 06:16:01 GMT" time="26.470" errors="0">
  <testcase name="testMoveToSpamIRIIIS" time="15.266" classname="iriiisMailTestCases.VerifySpamIRIIIS"/>
  <testcase name="testBatchMovetoInboxOfSpamIRIIIS" time="4.498" classname="iriiisMailTestCases.VerifySpamIRIIIS"/>
  <testcase name="testMarkAsNotSpamIRIIIS" time="2.822" classname="iriiisMailTestCases.VerifySpamIRIIIS"/>
  <testcase name="testBatchMovetoSpamIRIIIS" time="3.884" classname="iriiisMailTestCases.VerifySpamIRIIIS"/>
</testsuite> <!-- iriiisMailTestCases.VerifySpamIRIIIS -->
