<?xml version="1.0" encoding="UTF-8"?>
<!-- Generated by org.testng.reporters.JUnitReportReporter -->
<testsuite hostname="LAPTOP-1D78PSH8" name="iriiisMailTestCases.VerifyTashIRIIIS" tests="5" failures="0" timestamp="20 Jul 2017 11:33:34 GMT" time="40.003" errors="0">
  <testcase name="testBatchMoveToTrashIRIIIS" time="2.877" classname="iriiisMailTestCases.VerifyTashIRIIIS"/>
  <testcase name="testMovetoInboxOfTrashEmailIRIIIS" time="14.885" classname="iriiisMailTestCases.VerifyTashIRIIIS"/>
  <testcase name="testBatchMovetoInboxOfTrashIRIIIS" time="2.748" classname="iriiisMailTestCases.VerifyTashIRIIIS"/>
  <testcase name="testDeleteForeverIRIIIS" time="4.510" classname="iriiisMailTestCases.VerifyTashIRIIIS"/>
  <testcase name="testMoveToTrashIRIIIS" time="14.983" classname="iriiisMailTestCases.VerifyTashIRIIIS"/>
</testsuite> <!-- iriiisMailTestCases.VerifyTashIRIIIS -->
