<?xml version="1.0" encoding="UTF-8"?>
<!-- Generated by org.testng.reporters.JUnitReportReporter -->
<testsuite hostname="LAPTOP-1D78PSH8" name="contactTestCases.VerifyInvitingContact" tests="2" failures="0" timestamp="31 Jul 2017 10:22:49 GMT" time="9.576" errors="0">
  <testcase name="testInvitingContact" time="4.031" classname="contactTestCases.VerifyInvitingContact"/>
  <testcase name="testCreatingContactGroup" time="5.545" classname="contactTestCases.VerifyInvitingContact"/>
</testsuite> <!-- contactTestCases.VerifyInvitingContact -->
