<?xml version="1.0" encoding="UTF-8"?>
<!-- Generated by org.testng.reporters.JUnitReportReporter -->
<testsuite hostname="LAPTOP-1D78PSH8" name="GmailTestCases.VerifyTashGmail" tests="6" failures="0" timestamp="20 Jul 2017 05:20:55 GMT" time="65.762" errors="0">
  <testcase name="testBatchDeleteForeverGmail" time="0.001" classname="GmailTestCases.VerifyTashGmail"/>
  <testcase name="testBatchMoveToTrashGmail" time="16.111" classname="GmailTestCases.VerifyTashGmail"/>
  <testcase name="testMovetoInboxOfTrashEmailGmail" time="5.301" classname="GmailTestCases.VerifyTashGmail"/>
  <testcase name="testMoveToTrashGmail" time="17.159" classname="GmailTestCases.VerifyTashGmail"/>
  <testcase name="testBatchMovetoInboxOfTrashGmail" time="17.108" classname="GmailTestCases.VerifyTashGmail"/>
  <testcase name="testDeleteForeverGmail" time="10.082" classname="GmailTestCases.VerifyTashGmail"/>
</testsuite> <!-- GmailTestCases.VerifyTashGmail -->
