<?xml version="1.0" encoding="UTF-8"?>
<!-- Generated by org.testng.reporters.JUnitReportReporter -->
<testsuite hostname="LAPTOP-1D78PSH8" name="emailTestCases.VerifyTrash" tests="5" failures="0" timestamp="18 Jul 2017 10:22:20 GMT" time="28.956" errors="0">
  <testcase name="TestBatchMoveToTrash" time="7.964" classname="emailTestCases.VerifyTrash"/>
  <testcase name="testMoveToTrash" time="5.322" classname="emailTestCases.VerifyTrash"/>
  <testcase name="testMoveToInboxFromTrashListing" time="3.604" classname="emailTestCases.VerifyTrash"/>
  <testcase name="TestBatchMovetoInboxOfTrashEmail" time="7.413" classname="emailTestCases.VerifyTrash"/>
  <testcase name="TestDeleteForever" time="4.653" classname="emailTestCases.VerifyTrash"/>
</testsuite> <!-- emailTestCases.VerifyTrash -->
