<?xml version="1.0" encoding="UTF-8"?>
<!-- Generated by org.testng.reporters.JUnitReportReporter -->
<testsuite hostname="LAPTOP-1D78PSH8" name="testcases.VerifyEmail5" tests="1" failures="1" timestamp="14 Jul 2017 10:08:16 GMT" time="24.101" errors="0">
  <testcase name="testTagToTopic" time="24.101" classname="testcases.VerifyEmail5">
    <failure type="org.openqa.selenium.TimeoutException" message="Expected condition failed: waiting for visibility of all [[[ChromeDriver: chrome on XP (68f1b0911d7a1026c0750140db8be37d)] -&gt; xpath: //li[@class=&#039;topic-selector__list-item ng-scope&#039;]], [[ChromeDriver: chrome on XP (68f1b0911d7a1026c0750140db8be37d)] -&gt; xpath: //li[@class=&#039;topic-selector__list-item ng-scope&#039;]], [[ChromeDriver: chrome on XP (68f1b0911d7a1026c0750140db8be37d)] -&gt; xpath: //li[@class=&#039;topic-selector__list-item ng-scope&#039;]], [[ChromeDriver: chrome on XP (68f1b0911d7a1026c0750140db8be37d)] -&gt; xpath: //li[@class=&#039;topic-selector__list-item ng-scope&#039;]], [[ChromeDriver: chrome on XP (68f1b0911d7a1026c0750140db8be37d)] -&gt; xpath: //li[@class=&#039;topic-selector__list-item ng-scope&#039;]], [[ChromeDriver: chrome on XP (68f1b0911d7a1026c0750140db8be37d)] -&gt; xpath: //li[@class=&#039;topic-selector__list-item ng-scope&#039;]], [[ChromeDriver: chrome on XP (68f1b0911d7a1026c0750140db8be37d)] -&gt; xpath: //li[@class=&#039;topic-selector__list-item ng-scope&#039;]], [[ChromeDriver: chrome on XP (68f1b0911d7a1026c0750140db8be37d)] -&gt; xpath: //li[@class=&#039;topic-selector__list-item ng-scope&#039;]], [[ChromeDriver: chrome on XP (68f1b0911d7a1026c0750140db8be37d)] -&gt; xpath: //li[@class=&#039;topic-selector__list-item ng-scope&#039;]], [[ChromeDriver: chrome on XP (68f1b0911d7a1026c0750140db8be37d)] -&gt; xpath: //li[@class=&#039;topic-selector__list-item ng-scope&#039;]], [[ChromeDriver: chrome on XP (68f1b0911d7a1026c0750140db8be37d)] -&gt; xpath: //li[@class=&#039;topic-selector__list-item ng-scope&#039;]], [[ChromeDriver: chrome on XP (68f1b0911d7a1026c0750140db8be37d)] -&gt; xpath: //li[@class=&#039;topic-selector__list-item ng-scope&#039;]], [[ChromeDriver: chrome on XP (68f1b0911d7a1026c0750140db8be37d)] -&gt; xpath: //li[@class=&#039;topic-selector__list-item ng-scope&#039;]], [[ChromeDriver: chrome on XP (68f1b0911d7a1026c0750140db8be37d)] -&gt; xpath: //li[@class=&#039;topic-selector__list-item ng-scope&#039;]], [[ChromeDriver: chrome on XP (68f1b0911d7a1026c0750140db8be37d)] -&gt; xpath: //li[@class=&#039;topic-selector__list-item ng-scope&#039;]], [[ChromeDriver: chrome on XP (68f1b0911d7a1026c0750140db8be37d)] -&gt; xpath: //li[@class=&#039;topic-selector__list-item ng-scope&#039;]], [[ChromeDriver: chrome on XP (68f1b0911d7a1026c0750140db8be37d)] -&gt; xpath: //li[@class=&#039;topic-selector__list-item ng-scope&#039;]], [[ChromeDriver: chrome on XP (68f1b0911d7a1026c0750140db8be37d)] -&gt; xpath: //li[@class=&#039;topic-selector__list-item ng-scope&#039;]], [[ChromeDriver: chrome on XP (68f1b0911d7a1026c0750140db8be37d)] -&gt; xpath: //li[@class=&#039;topic-selector__list-item ng-scope&#039;]], [[ChromeDriver: chrome on XP (68f1b0911d7a1026c0750140db8be37d)] -&gt; xpath: //li[@class=&#039;topic-selector__list-item ng-scope&#039;]]] (tried for 20 second(s) with 500 MILLISECONDS interval)
Build info: version: &#039;3.4.0&#039;, revision: &#039;unknown&#039;, time: &#039;unknown&#039;
System info: host: &#039;LAPTOP-1D78PSH8&#039;, ip: &#039;192.168.132.2&#039;, os.name: &#039;Windows 10&#039;, os.arch: &#039;amd64&#039;, os.version: &#039;10.0&#039;, java.version: &#039;1.8.0_101&#039;
Driver info: org.openqa.selenium.chrome.ChromeDriver
Capabilities [{applicationCacheEnabled=false, rotatable=false, mobileEmulationEnabled=false, networkConnectionEnabled=false, chrome={chromedriverVersion=2.29.461591 (62ebf098771772160f391d75e589dc567915b233), userDataDir=C:\Users\Praveen\AppData\Local\Temp\scoped_dir12064_8622}, takesHeapSnapshot=true, pageLoadStrategy=normal, databaseEnabled=false, handlesAlerts=true, hasTouchScreen=false, version=59.0.3071.115, platform=XP, browserConnectionEnabled=false, nativeEvents=true, acceptSslCerts=true, locationContextEnabled=true, webStorageEnabled=true, browserName=chrome, takesScreenshot=true, javascriptEnabled=true, cssSelectorsEnabled=true, unexpectedAlertBehaviour=}]
Session ID: 68f1b0911d7a1026c0750140db8be37d">
      <![CDATA[org.openqa.selenium.TimeoutException: Expected condition failed: waiting for visibility of all [[[ChromeDriver: chrome on XP (68f1b0911d7a1026c0750140db8be37d)] -> xpath: //li[@class='topic-selector__list-item ng-scope']], [[ChromeDriver: chrome on XP (68f1b0911d7a1026c0750140db8be37d)] -> xpath: //li[@class='topic-selector__list-item ng-scope']], [[ChromeDriver: chrome on XP (68f1b0911d7a1026c0750140db8be37d)] -> xpath: //li[@class='topic-selector__list-item ng-scope']], [[ChromeDriver: chrome on XP (68f1b0911d7a1026c0750140db8be37d)] -> xpath: //li[@class='topic-selector__list-item ng-scope']], [[ChromeDriver: chrome on XP (68f1b0911d7a1026c0750140db8be37d)] -> xpath: //li[@class='topic-selector__list-item ng-scope']], [[ChromeDriver: chrome on XP (68f1b0911d7a1026c0750140db8be37d)] -> xpath: //li[@class='topic-selector__list-item ng-scope']], [[ChromeDriver: chrome on XP (68f1b0911d7a1026c0750140db8be37d)] -> xpath: //li[@class='topic-selector__list-item ng-scope']], [[ChromeDriver: chrome on XP (68f1b0911d7a1026c0750140db8be37d)] -> xpath: //li[@class='topic-selector__list-item ng-scope']], [[ChromeDriver: chrome on XP (68f1b0911d7a1026c0750140db8be37d)] -> xpath: //li[@class='topic-selector__list-item ng-scope']], [[ChromeDriver: chrome on XP (68f1b0911d7a1026c0750140db8be37d)] -> xpath: //li[@class='topic-selector__list-item ng-scope']], [[ChromeDriver: chrome on XP (68f1b0911d7a1026c0750140db8be37d)] -> xpath: //li[@class='topic-selector__list-item ng-scope']], [[ChromeDriver: chrome on XP (68f1b0911d7a1026c0750140db8be37d)] -> xpath: //li[@class='topic-selector__list-item ng-scope']], [[ChromeDriver: chrome on XP (68f1b0911d7a1026c0750140db8be37d)] -> xpath: //li[@class='topic-selector__list-item ng-scope']], [[ChromeDriver: chrome on XP (68f1b0911d7a1026c0750140db8be37d)] -> xpath: //li[@class='topic-selector__list-item ng-scope']], [[ChromeDriver: chrome on XP (68f1b0911d7a1026c0750140db8be37d)] -> xpath: //li[@class='topic-selector__list-item ng-scope']], [[ChromeDriver: chrome on XP (68f1b0911d7a1026c0750140db8be37d)] -> xpath: //li[@class='topic-selector__list-item ng-scope']], [[ChromeDriver: chrome on XP (68f1b0911d7a1026c0750140db8be37d)] -> xpath: //li[@class='topic-selector__list-item ng-scope']], [[ChromeDriver: chrome on XP (68f1b0911d7a1026c0750140db8be37d)] -> xpath: //li[@class='topic-selector__list-item ng-scope']], [[ChromeDriver: chrome on XP (68f1b0911d7a1026c0750140db8be37d)] -> xpath: //li[@class='topic-selector__list-item ng-scope']], [[ChromeDriver: chrome on XP (68f1b0911d7a1026c0750140db8be37d)] -> xpath: //li[@class='topic-selector__list-item ng-scope']]] (tried for 20 second(s) with 500 MILLISECONDS interval)
Build info: version: '3.4.0', revision: 'unknown', time: 'unknown'
System info: host: 'LAPTOP-1D78PSH8', ip: '192.168.132.2', os.name: 'Windows 10', os.arch: 'amd64', os.version: '10.0', java.version: '1.8.0_101'
Driver info: org.openqa.selenium.chrome.ChromeDriver
Capabilities [{applicationCacheEnabled=false, rotatable=false, mobileEmulationEnabled=false, networkConnectionEnabled=false, chrome={chromedriverVersion=2.29.461591 (62ebf098771772160f391d75e589dc567915b233), userDataDir=C:\Users\Praveen\AppData\Local\Temp\scoped_dir12064_8622}, takesHeapSnapshot=true, pageLoadStrategy=normal, databaseEnabled=false, handlesAlerts=true, hasTouchScreen=false, version=59.0.3071.115, platform=XP, browserConnectionEnabled=false, nativeEvents=true, acceptSslCerts=true, locationContextEnabled=true, webStorageEnabled=true, browserName=chrome, takesScreenshot=true, javascriptEnabled=true, cssSelectorsEnabled=true, unexpectedAlertBehaviour=}]
Session ID: 68f1b0911d7a1026c0750140db8be37d
	at org.openqa.selenium.support.ui.WebDriverWait.timeoutException(WebDriverWait.java:80)
	at org.openqa.selenium.support.ui.FluentWait.until(FluentWait.java:232)
	at Pages.MailPage.getTopicListInTagToTopic(MailPage.java:245)
	at testcases.VerifyEmail5.testTagToTopic(VerifyEmail5.java:27)
	at sun.reflect.NativeMethodAccessorImpl.invoke0(Native Method)
	at sun.reflect.NativeMethodAccessorImpl.invoke(NativeMethodAccessorImpl.java:62)
	at sun.reflect.DelegatingMethodAccessorImpl.invoke(DelegatingMethodAccessorImpl.java:43)
	at java.lang.reflect.Method.invoke(Method.java:498)
	at org.testng.internal.MethodInvocationHelper.invokeMethod(MethodInvocationHelper.java:80)
	at org.testng.internal.Invoker.invokeMethod(Invoker.java:714)
	at org.testng.internal.Invoker.invokeTestMethod(Invoker.java:901)
	at org.testng.internal.Invoker.invokeTestMethods(Invoker.java:1231)
	at org.testng.internal.TestMethodWorker.invokeTestMethods(TestMethodWorker.java:127)
	at org.testng.internal.TestMethodWorker.run(TestMethodWorker.java:111)
	at org.testng.TestRunner.privateRun(TestRunner.java:767)
	at org.testng.TestRunner.run(TestRunner.java:617)
	at org.testng.SuiteRunner.runTest(SuiteRunner.java:334)
	at org.testng.SuiteRunner.runSequentially(SuiteRunner.java:329)
	at org.testng.SuiteRunner.privateRun(SuiteRunner.java:291)
	at org.testng.SuiteRunner.run(SuiteRunner.java:240)
	at org.testng.SuiteRunnerWorker.runSuite(SuiteRunnerWorker.java:52)
	at org.testng.SuiteRunnerWorker.run(SuiteRunnerWorker.java:86)
	at org.testng.TestNG.runSuitesSequentially(TestNG.java:1198)
	at org.testng.TestNG.runSuitesLocally(TestNG.java:1123)
	at org.testng.TestNG.run(TestNG.java:1031)
	at org.testng.remote.AbstractRemoteTestNG.run(AbstractRemoteTestNG.java:132)
	at org.testng.remote.RemoteTestNG.initAndRun(RemoteTestNG.java:230)
	at org.testng.remote.RemoteTestNG.main(RemoteTestNG.java:76)
]]>
    </failure>
  </testcase> <!-- testTagToTopic -->
</testsuite> <!-- testcases.VerifyEmail5 -->
