<?xml version="1.0" encoding="UTF-8"?>
<!-- Generated by org.testng.reporters.JUnitReportReporter -->
<testsuite hostname="LAPTOP-1D78PSH8" name="GmailTestCases.VerifySharingGmail" tests="1" failures="0" timestamp="1 Aug 2017 08:49:21 GMT" time="21.995" errors="0">
  <testcase name="testSharingofGmail" time="21.995" classname="GmailTestCases.VerifySharingGmail"/>
</testsuite> <!-- GmailTestCases.VerifySharingGmail -->
