<?xml version="1.0" encoding="UTF-8"?>
<!-- Generated by org.testng.reporters.JUnitReportReporter -->
<testsuite hostname="LAPTOP-1D78PSH8" name="IntegratedMailViewTestCases.VerifySendingEmailAndProcessingAllAccount" tests="5" failures="0" timestamp="1 Aug 2017 08:49:21 GMT" time="33.250" errors="0">
  <testcase name="testProcessingEmailAllAccount" time="4.570" classname="IntegratedMailViewTestCases.VerifySendingEmailAndProcessingAllAccount"/>
  <testcase name="testBatchProcessingEmailAllAccount" time="5.688" classname="IntegratedMailViewTestCases.VerifySendingEmailAndProcessingAllAccount"/>
  <testcase name="testUnProcessingEmailAllAccount" time="3.245" classname="IntegratedMailViewTestCases.VerifySendingEmailAndProcessingAllAccount"/>
  <testcase name="testVerifySendingEmailAllAccount" time="13.347" classname="IntegratedMailViewTestCases.VerifySendingEmailAndProcessingAllAccount"/>
  <testcase name="testBatchUnProcessingEmailAllAccount" time="6.400" classname="IntegratedMailViewTestCases.VerifySendingEmailAndProcessingAllAccount"/>
</testsuite> <!-- IntegratedMailViewTestCases.VerifySendingEmailAndProcessingAllAccount -->
