<?xml version="1.0" encoding="UTF-8"?>
<!-- Generated by org.testng.reporters.JUnitReportReporter -->
<testsuite hostname="LAPTOP-1D78PSH8" name="iriiisMailTestCases.VerifyTagToTopicIRIIIS" tests="2" failures="0" timestamp="25 Jul 2017 07:57:22 GMT" time="50.982" errors="0">
  <testcase name="testBatchTagToTopicIRIIIS" time="27.805" classname="iriiisMailTestCases.VerifyTagToTopicIRIIIS"/>
  <testcase name="testTagToTopicIRIIIS" time="23.177" classname="iriiisMailTestCases.VerifyTagToTopicIRIIIS"/>
</testsuite> <!-- iriiisMailTestCases.VerifyTagToTopicIRIIIS -->
