<?xml version="1.0" encoding="UTF-8"?>
<!-- Generated by org.testng.reporters.JUnitReportReporter -->
<testsuite hostname="LAPTOP-1D78PSH8" name="iriiisMailTestCases.VerifySpamIRIIIS" tests="4" failures="0" timestamp="19 Jul 2017 10:28:34 GMT" time="33.161" errors="0">
  <testcase name="testBatchMovetoInboxOfSpamGmail" time="7.548" classname="iriiisMailTestCases.VerifySpamIRIIIS"/>
  <testcase name="testMoveToSpamGmail" time="15.188" classname="iriiisMailTestCases.VerifySpamIRIIIS"/>
  <testcase name="testMarkAsNotSpamGMail" time="2.734" classname="iriiisMailTestCases.VerifySpamIRIIIS"/>
  <testcase name="testBatchMovetoSpamGmail" time="7.691" classname="iriiisMailTestCases.VerifySpamIRIIIS"/>
</testsuite> <!-- iriiisMailTestCases.VerifySpamIRIIIS -->
