<?xml version="1.0" encoding="UTF-8"?>
<!-- Generated by org.testng.reporters.JUnitReportReporter -->
<testsuite hostname="LAPTOP-1D78PSH8" name="testcases.VerifySendAndProcessed" tests="5" failures="0" timestamp="17 Jul 2017 10:53:56 GMT" time="35.859" errors="0">
  <testcase name="testVerifySendingEmail" time="13.051" classname="testcases.VerifySendAndProcessed"/>
  <testcase name="TestBatchProcessingOfEmail" time="8.577" classname="testcases.VerifySendAndProcessed"/>
  <testcase name="TestBatchUnProcessingOfEmail" time="7.180" classname="testcases.VerifySendAndProcessed"/>
  <testcase name="TestUnProcessingOfEmail" time="2.980" classname="testcases.VerifySendAndProcessed"/>
  <testcase name="TestProcessingOfEmail" time="4.071" classname="testcases.VerifySendAndProcessed"/>
</testsuite> <!-- testcases.VerifySendAndProcessed -->
