<?xml version="1.0" encoding="UTF-8"?>
<!-- Generated by org.testng.reporters.JUnitReportReporter -->
<testsuite hostname="LAPTOP-1D78PSH8" name="iriiisMailTestCases.VerifyTashIRIIIS" tests="5" failures="0" timestamp="19 Jul 2017 10:28:34 GMT" time="38.705" errors="0">
  <testcase name="testBatchMoveToTrashGmail" time="8.124" classname="iriiisMailTestCases.VerifyTashIRIIIS"/>
  <testcase name="testMoveToTrashGmail" time="15.211" classname="iriiisMailTestCases.VerifyTashIRIIIS"/>
  <testcase name="testBatchMovetoInboxOfTrashGmail" time="7.323" classname="iriiisMailTestCases.VerifyTashIRIIIS"/>
  <testcase name="testMovetoInboxOfTrashEmailGmail" time="3.396" classname="iriiisMailTestCases.VerifyTashIRIIIS"/>
  <testcase name="testDeleteForeverGmail" time="4.651" classname="iriiisMailTestCases.VerifyTashIRIIIS"/>
</testsuite> <!-- iriiisMailTestCases.VerifyTashIRIIIS -->
