<?xml version="1.0" encoding="UTF-8"?>
<!-- Generated by org.testng.reporters.JUnitReportReporter -->
<testsuite hostname="LAPTOP-1D78PSH8" name="IriiisDrive.VerifyFilesTrashAndUntrash" tests="5" failures="0" timestamp="31 Jul 2017 11:36:08 GMT" time="91.917" errors="0">
  <testcase name="VerifyDropboxFileTrash" time="17.653" classname="IriiisDrive.VerifyFilesTrashAndUntrash"/>
  <testcase name="VerifyBoxFileTrash" time="17.670" classname="IriiisDrive.VerifyFilesTrashAndUntrash"/>
  <testcase name="VerifyOnedriveFileTrash" time="18.591" classname="IriiisDrive.VerifyFilesTrashAndUntrash"/>
  <testcase name="VerifyGoogleFileTrash" time="17.633" classname="IriiisDrive.VerifyFilesTrashAndUntrash"/>
  <testcase name="VerifyIriiisFileTrash" time="20.370" classname="IriiisDrive.VerifyFilesTrashAndUntrash"/>
</testsuite> <!-- IriiisDrive.VerifyFilesTrashAndUntrash -->
