<?xml version="1.0" encoding="UTF-8"?>
<!-- Generated by org.testng.reporters.JUnitReportReporter -->
<testsuite hostname="LAPTOP-1D78PSH8" name="contactTestCases.VerifyContactCreation" tests="6" failures="0" timestamp="25 Jul 2017 07:00:08 GMT" time="24.686" errors="0">
  <testcase name="testCreateContactionBySearch" time="2.970" classname="contactTestCases.VerifyContactCreation"/>
  <testcase name="testSingleContactDeletion" time="6.283" classname="contactTestCases.VerifyContactCreation"/>
  <testcase name="testCreateContactWithoutProfileSearch" time="3.250" classname="contactTestCases.VerifyContactCreation"/>
  <testcase name="testUpdateContact" time="6.333" classname="contactTestCases.VerifyContactCreation"/>
  <testcase name="testContactQuickCreate" time="5.142" classname="contactTestCases.VerifyContactCreation"/>
  <testcase name="testCreateContactWithoutAnyfields" time="0.708" classname="contactTestCases.VerifyContactCreation"/>
</testsuite> <!-- contactTestCases.VerifyContactCreation -->
