<?xml version="1.0" encoding="UTF-8"?>
<!-- Generated by org.testng.reporters.JUnitReportReporter -->
<testsuite hostname="LAPTOP-1D78PSH8" name="contactTestCases.VerifyContactCreation" tests="6" failures="0" timestamp="2 Aug 2017 06:16:01 GMT" time="35.826" errors="0">
  <testcase name="testContactQuickCreate" time="7.957" classname="contactTestCases.VerifyContactCreation"/>
  <testcase name="testSingleContactDeletion" time="6.973" classname="contactTestCases.VerifyContactCreation"/>
  <testcase name="testCreateContactWithoutAnyfields" time="1.379" classname="contactTestCases.VerifyContactCreation"/>
  <testcase name="testCreateContactWithoutProfileSearch" time="6.506" classname="contactTestCases.VerifyContactCreation"/>
  <testcase name="testUpdateContact" time="7.913" classname="contactTestCases.VerifyContactCreation"/>
  <testcase name="testCreateContactionBySearch" time="5.098" classname="contactTestCases.VerifyContactCreation"/>
</testsuite> <!-- contactTestCases.VerifyContactCreation -->
