<?xml version="1.0" encoding="UTF-8"?>
<!-- Generated by org.testng.reporters.JUnitReportReporter -->
<testsuite hostname="LAPTOP-S0NUHBFQ" name="IriiisDrive.VerifyFilesTrashAndUntrash" tests="1" failures="0" timestamp="1 Aug 2017 12:16:16 GMT" time="23.298" errors="0">
  <testcase name="VerifyIriiisBatchFileTrash" time="23.298" classname="IriiisDrive.VerifyFilesTrashAndUntrash"/>
</testsuite> <!-- IriiisDrive.VerifyFilesTrashAndUntrash -->
