<?xml version="1.0" encoding="UTF-8"?>
<!-- Generated by org.testng.reporters.JUnitReportReporter -->
<testsuite hostname="LAPTOP-1D78PSH8" name="IntegratedMailViewTestCases.VerifyReplyAndForwardAllAccount" tests="3" failures="0" timestamp="20 Jul 2017 10:48:55 GMT" time="36.247" errors="0">
  <testcase name="testVerifyReplyEmailAllaccount" time="10.961" classname="IntegratedMailViewTestCases.VerifyReplyAndForwardAllAccount"/>
  <testcase name="testVerifyReplyAllAllaccount" time="11.835" classname="IntegratedMailViewTestCases.VerifyReplyAndForwardAllAccount"/>
  <testcase name="testVerifyForwardAllaccount" time="13.451" classname="IntegratedMailViewTestCases.VerifyReplyAndForwardAllAccount"/>
</testsuite> <!-- IntegratedMailViewTestCases.VerifyReplyAndForwardAllAccount -->
