<?xml version="1.0" encoding="UTF-8"?>
<!-- Generated by org.testng.reporters.JUnitReportReporter -->
<testsuite hostname="LAPTOP-1D78PSH8" name="GmailTestCases.VerifyReadUnreadGmail" tests="3" failures="0" timestamp="20 Jul 2017 05:20:55 GMT" time="53.396" errors="0">
  <testcase name="testBatchUnreadGmail" time="19.171" classname="GmailTestCases.VerifyReadUnreadGmail"/>
  <testcase name="testMarkAsUnreadGmail" time="21.436" classname="GmailTestCases.VerifyReadUnreadGmail"/>
  <testcase name="testBatchReadGmail" time="12.789" classname="GmailTestCases.VerifyReadUnreadGmail"/>
</testsuite> <!-- GmailTestCases.VerifyReadUnreadGmail -->
