<?xml version="1.0" encoding="UTF-8"?>
<!-- Generated by org.testng.reporters.JUnitReportReporter -->
<testsuite hostname="LAPTOP-1D78PSH8" name="iriiisMailTestCases.VerifyReadUnreadIRIIIS" tests="3" failures="0" timestamp="1 Aug 2017 08:49:21 GMT" time="30.766" errors="0">
  <testcase name="testBatchUnreadIRIIIS" time="6.391" classname="iriiisMailTestCases.VerifyReadUnreadIRIIIS"/>
  <testcase name="testBatchReadIRIIIS" time="4.658" classname="iriiisMailTestCases.VerifyReadUnreadIRIIIS"/>
  <testcase name="testMarkAsUnreadIRIIIS" time="19.717" classname="iriiisMailTestCases.VerifyReadUnreadIRIIIS"/>
</testsuite> <!-- iriiisMailTestCases.VerifyReadUnreadIRIIIS -->
