<?xml version="1.0" encoding="UTF-8"?>
<!-- Generated by org.testng.reporters.JUnitReportReporter -->
<testsuite hostname="LAPTOP-1D78PSH8" name="IntegratedMailViewTestCases.VerifySharingAllAccount" tests="1" failures="0" timestamp="26 Jul 2017 03:53:02 GMT" time="12.085" errors="0">
  <testcase name="testShareToTopicAllAccount" time="12.085" classname="IntegratedMailViewTestCases.VerifySharingAllAccount"/>
</testsuite> <!-- IntegratedMailViewTestCases.VerifySharingAllAccount -->
