<?xml version="1.0" encoding="UTF-8"?>
<!-- Generated by org.testng.reporters.JUnitReportReporter -->
<testsuite hostname="LAPTOP-1D78PSH8" name="contactTestCases.VerifyInvitingContact" tests="4" failures="0" timestamp="1 Aug 2017 08:49:21 GMT" time="21.108" errors="0">
  <testcase name="testUpdateContactGroup" time="5.589" classname="contactTestCases.VerifyInvitingContact"/>
  <testcase name="testContactGroupDeletion" time="1.333" classname="contactTestCases.VerifyInvitingContact"/>
  <testcase name="testInvitingContact" time="2.068" classname="contactTestCases.VerifyInvitingContact"/>
  <testcase name="testCreatingContactGroup" time="12.118" classname="contactTestCases.VerifyInvitingContact"/>
</testsuite> <!-- contactTestCases.VerifyInvitingContact -->
