<?xml version="1.0" encoding="UTF-8"?>
<!-- Generated by org.testng.reporters.JUnitReportReporter -->
<testsuite hostname="LAPTOP-1D78PSH8" name="contactTestCases.VerifyInvitingContact" tests="4" failures="0" timestamp="2 Aug 2017 06:16:01 GMT" time="22.431" errors="0">
  <testcase name="testContactGroupDeletion" time="1.283" classname="contactTestCases.VerifyInvitingContact"/>
  <testcase name="testCreatingContactGroup" time="12.754" classname="contactTestCases.VerifyInvitingContact"/>
  <testcase name="testUpdateContactGroup" time="5.591" classname="contactTestCases.VerifyInvitingContact"/>
  <testcase name="testInvitingContact" time="2.803" classname="contactTestCases.VerifyInvitingContact"/>
</testsuite> <!-- contactTestCases.VerifyInvitingContact -->
