<?xml version="1.0" encoding="UTF-8"?>
<!-- Generated by org.testng.reporters.JUnitReportReporter -->
<testsuite hostname="LAPTOP-1D78PSH8" name="IntegratedMailViewTestCases.VerifySpamAllAccount" tests="4" failures="0" timestamp="20 Jul 2017 05:20:55 GMT" time="36.052" errors="0">
  <testcase name="testMarkAsNotSpamAllAccount" time="3.298" classname="IntegratedMailViewTestCases.VerifySpamAllAccount"/>
  <testcase name="testMoveToSpamAllAccount" time="5.131" classname="IntegratedMailViewTestCases.VerifySpamAllAccount"/>
  <testcase name="testBatchMovetoSpamAllAccount" time="11.863" classname="IntegratedMailViewTestCases.VerifySpamAllAccount"/>
  <testcase name="testBatchMovetoInboxOfSpamAllAccount" time="15.760" classname="IntegratedMailViewTestCases.VerifySpamAllAccount"/>
</testsuite> <!-- IntegratedMailViewTestCases.VerifySpamAllAccount -->
