<?xml version="1.0" encoding="UTF-8"?>
<!-- Generated by org.testng.reporters.JUnitReportReporter -->
<<<<<<< HEAD
<testsuite hostname="LAPTOP-S0NUHBFQ" name="IriiisDrive.VerifyIriiisFileTaging" tests="7" failures="0" timestamp="26 Jul 2017 09:19:33 GMT" time="127.575" errors="0">
  <testcase name="VerifyIriiisTag" time="23.474" classname="IriiisDrive.VerifyIriiisFileTaging"/>
  <testcase name="VerifyIriiisSharing" time="17.866" classname="IriiisDrive.VerifyIriiisFileTaging"/>
  <testcase name="VerifyGoogleSharing" time="17.019" classname="IriiisDrive.VerifyIriiisFileTaging"/>
  <testcase name="VerifgoogleTag" time="17.452" classname="IriiisDrive.VerifyIriiisFileTaging"/>
  <testcase name="VerifboxdriveTag" time="17.437" classname="IriiisDrive.VerifyIriiisFileTaging"/>
  <testcase name="VerifdropboxdriveTag" time="17.146" classname="IriiisDrive.VerifyIriiisFileTaging"/>
  <testcase name="VerifonedriveTag" time="17.181" classname="IriiisDrive.VerifyIriiisFileTaging"/>
=======
<testsuite hostname="LAPTOP-1D78PSH8" name="IriiisDrive.VerifyIriiisFileTaging" tests="5" failures="0" timestamp="25 Jul 2017 09:04:35 GMT" time="90.543" errors="0">
  <testcase name="VerifyIriiisTag" time="17.269" classname="IriiisDrive.VerifyIriiisFileTaging"/>
  <testcase name="VerifgoogleTag" time="18.867" classname="IriiisDrive.VerifyIriiisFileTaging"/>
  <testcase name="VerifdropboxdriveTag" time="17.371" classname="IriiisDrive.VerifyIriiisFileTaging"/>
  <testcase name="VerifonedriveTag" time="18.470" classname="IriiisDrive.VerifyIriiisFileTaging"/>
  <testcase name="VerifboxdriveTag" time="18.566" classname="IriiisDrive.VerifyIriiisFileTaging"/>
>>>>>>> 4b3de6b69faa22181c3be78a93bed3668953ab56
</testsuite> <!-- IriiisDrive.VerifyIriiisFileTaging -->
