<?xml version="1.0" encoding="UTF-8"?>
<!-- Generated by org.testng.reporters.JUnitReportReporter -->
<testsuite hostname="LAPTOP-S0NUHBFQ" name="IriiisDrive.VerifyFilesTrashAndUntrash" tests="2" failures="0" timestamp="1 Aug 2017 05:47:19 GMT" time="67.794" errors="0">
  <testcase name="VerifyIriiisFileTrash" time="33.999" classname="IriiisDrive.VerifyFilesTrashAndUntrash"/>
  <testcase name="VerifyGoogleFileTrash" time="33.795" classname="IriiisDrive.VerifyFilesTrashAndUntrash"/>
</testsuite> <!-- IriiisDrive.VerifyFilesTrashAndUntrash -->
