<?xml version="1.0" encoding="UTF-8"?>
<!-- Generated by org.testng.reporters.JUnitReportReporter -->
<testsuite hostname="LAPTOP-1D78PSH8" name="GmailTestCases.VerifySpamGmail" tests="4" failures="0" timestamp="1 Aug 2017 08:49:21 GMT" time="38.652" errors="0">
  <testcase name="testBatchMovetoSpamGmail" time="7.691" classname="GmailTestCases.VerifySpamGmail"/>
  <testcase name="testMoveToSpamGmail" time="17.254" classname="GmailTestCases.VerifySpamGmail"/>
  <testcase name="testBatchMovetoInboxOfSpamGmail" time="9.339" classname="GmailTestCases.VerifySpamGmail"/>
  <testcase name="testMarkAsNotSpamGMail" time="4.368" classname="GmailTestCases.VerifySpamGmail"/>
</testsuite> <!-- GmailTestCases.VerifySpamGmail -->
