<?xml version="1.0" encoding="UTF-8"?>
<!-- Generated by org.testng.reporters.JUnitReportReporter -->
<testsuite hostname="LAPTOP-1D78PSH8" name="GmailTestCases.VerifyTashGmail" tests="6" failures="0" timestamp="25 Jul 2017 07:00:08 GMT" time="54.883" errors="0">
  <testcase name="testMovetoInboxOfTrashEmailGmail" time="16.060" classname="GmailTestCases.VerifyTashGmail"/>
  <testcase name="testBatchDeleteForeverGmail" time="0.001" classname="GmailTestCases.VerifyTashGmail"/>
  <testcase name="testMoveToTrashGmail" time="16.998" classname="GmailTestCases.VerifyTashGmail"/>
  <testcase name="testBatchMoveToTrashGmail" time="4.845" classname="GmailTestCases.VerifyTashGmail"/>
  <testcase name="testDeleteForeverGmail" time="10.471" classname="GmailTestCases.VerifyTashGmail"/>
  <testcase name="testBatchMovetoInboxOfTrashGmail" time="6.508" classname="GmailTestCases.VerifyTashGmail"/>
</testsuite> <!-- GmailTestCases.VerifyTashGmail -->
