<?xml version="1.0" encoding="UTF-8"?>
<!-- Generated by org.testng.reporters.JUnitReportReporter -->
<testsuite hostname="LAPTOP-S0NUHBFQ" name="IriiisDrive.VerifyFilesTrashAndUntrash" tests="3" failures="0" timestamp="2 Aug 2017 11:40:34 GMT" time="100.670" errors="0">
  <testcase name="VerifyGoogleFileTrash" time="33.467" classname="IriiisDrive.VerifyFilesTrashAndUntrash"/>
  <testcase name="VerifyBoxFileTrash" time="33.188" classname="IriiisDrive.VerifyFilesTrashAndUntrash"/>
  <testcase name="VerifyIriiisFileTrash" time="34.015" classname="IriiisDrive.VerifyFilesTrashAndUntrash"/>
</testsuite> <!-- IriiisDrive.VerifyFilesTrashAndUntrash -->
