<?xml version="1.0" encoding="UTF-8"?>
<!-- Generated by org.testng.reporters.JUnitReportReporter -->
<testsuite hostname="LAPTOP-S0NUHBFQ" name="IriiisDrive.VerifyTheFileDeletes" tests="3" failures="0" timestamp="8 Aug 2017 10:51:00 GMT" time="63.294" errors="0">
  <testcase name="VerifygoogleFileDelete" time="18.447" classname="IriiisDrive.VerifyTheFileDeletes"/>
  <testcase name="VerifyBoxdriveFileDelete" time="18.340" classname="IriiisDrive.VerifyTheFileDeletes"/>
  <testcase name="VerifyIriiisFileDelete" time="26.507" classname="IriiisDrive.VerifyTheFileDeletes"/>
</testsuite> <!-- IriiisDrive.VerifyTheFileDeletes -->
