<?xml version="1.0" encoding="UTF-8"?>
<!-- Generated by org.testng.reporters.JUnitReportReporter -->
<testsuite hostname="LAPTOP-1D78PSH8" name="contactTestCases.VerifyContactDuplicateContact" tests="3" failures="0" timestamp="1 Aug 2017 11:26:02 GMT" time="38.819" errors="0">
  <testcase name="testDuplicateContact" time="7.399" classname="contactTestCases.VerifyContactDuplicateContact"/>
  <testcase name="testInitiatingContactForOneOnOneChat" time="1.450" classname="contactTestCases.VerifyContactDuplicateContact"/>
  <testcase name="testContactRemovalFromGroupWhenContactDeleted" time="29.970" classname="contactTestCases.VerifyContactDuplicateContact"/>
</testsuite> <!-- contactTestCases.VerifyContactDuplicateContact -->
