<?xml version="1.0" encoding="UTF-8"?>
<!-- Generated by org.testng.reporters.JUnitReportReporter -->
<testsuite hostname="LAPTOP-1D78PSH8" name="GmailTestCases.VerifySpamGmail" tests="4" failures="0" timestamp="26 Jul 2017 03:53:02 GMT" time="32.678" errors="0">
  <testcase name="testBatchMovetoInboxOfSpamGmail" time="7.499" classname="GmailTestCases.VerifySpamGmail"/>
  <testcase name="testBatchMovetoSpamGmail" time="4.813" classname="GmailTestCases.VerifySpamGmail"/>
  <testcase name="testMarkAsNotSpamGMail" time="3.650" classname="GmailTestCases.VerifySpamGmail"/>
  <testcase name="testMoveToSpamGmail" time="16.716" classname="GmailTestCases.VerifySpamGmail"/>
</testsuite> <!-- GmailTestCases.VerifySpamGmail -->
