<?xml version="1.0" encoding="UTF-8"?>
<!-- Generated by org.testng.reporters.JUnitReportReporter -->
<testsuite hostname="LAPTOP-1D78PSH8" name="testcases.VerifyEmail" tests="5" failures="0" timestamp="17 Jul 2017 08:11:48 GMT" time="36.573" errors="0">
  <testcase name="TestBatchUnProcessingOfEmail" time="7.658" classname="testcases.VerifyEmail"/>
  <testcase name="TestUnProcessingOfEmail" time="2.939" classname="testcases.VerifyEmail"/>
  <testcase name="TestBatchProcessingOfEmail" time="9.155" classname="testcases.VerifyEmail"/>
  <testcase name="testVerifySendingEmail" time="12.960" classname="testcases.VerifyEmail"/>
  <testcase name="TestProcessingOfEmail" time="3.861" classname="testcases.VerifyEmail"/>
</testsuite> <!-- testcases.VerifyEmail -->
