<?xml version="1.0" encoding="UTF-8"?>
<!-- Generated by org.testng.reporters.JUnitReportReporter -->
<testsuite hostname="LAPTOP-1D78PSH8" name="testcases.VerifyEmail2" tests="5" failures="0" timestamp="14 Jul 2017 10:08:16 GMT" time="33.711" errors="0">
  <testcase name="testMoveToTrash" time="5.218" classname="testcases.VerifyEmail2"/>
  <testcase name="testMoveToInboxFromTrashListing" time="3.865" classname="testcases.VerifyEmail2"/>
  <testcase name="TestBatchMoveToTrash" time="10.699" classname="testcases.VerifyEmail2"/>
  <testcase name="TestBatchMovetoInboxOfTrashEmail" time="9.022" classname="testcases.VerifyEmail2"/>
  <testcase name="TestDeleteForever" time="4.907" classname="testcases.VerifyEmail2"/>
</testsuite> <!-- testcases.VerifyEmail2 -->
