<?xml version="1.0" encoding="UTF-8"?>
<!-- Generated by org.testng.reporters.JUnitReportReporter -->
<testsuite hostname="LAPTOP-S0NUHBFQ" name="IriiisDrive.VerifyTheFileUpdatedesc" tests="5" failures="0" timestamp="2 Aug 2017 11:27:01 GMT" time="123.266" errors="0">
  <testcase name="VerifyIriiisFileUpdateDesc" time="24.711" classname="IriiisDrive.VerifyTheFileUpdatedesc"/>
  <testcase name="VerifyOnedriveFileUpdateDesc" time="24.638" classname="IriiisDrive.VerifyTheFileUpdatedesc"/>
  <testcase name="VerifygoogleFileUpdateDesc" time="24.801" classname="IriiisDrive.VerifyTheFileUpdatedesc"/>
  <testcase name="VerifyboxdriveFileUpdateDesc" time="24.578" classname="IriiisDrive.VerifyTheFileUpdatedesc"/>
  <testcase name="VerifyDropboxdriveFileUpdateDesc" time="24.538" classname="IriiisDrive.VerifyTheFileUpdatedesc"/>
</testsuite> <!-- IriiisDrive.VerifyTheFileUpdatedesc -->
