<?xml version="1.0" encoding="UTF-8"?>
<!-- Generated by org.testng.reporters.JUnitReportReporter -->
<testsuite hostname="LAPTOP-1D78PSH8" name="IntegratedMailViewTestCases.VerifyTagToTopicAllAccount" tests="2" failures="0" timestamp="2 Aug 2017 06:16:01 GMT" time="24.096" errors="0">
  <testcase name="testBatchTagToTopicAllAccount" time="10.120" classname="IntegratedMailViewTestCases.VerifyTagToTopicAllAccount"/>
  <testcase name="testTagToTopicAllAccount" time="13.976" classname="IntegratedMailViewTestCases.VerifyTagToTopicAllAccount"/>
</testsuite> <!-- IntegratedMailViewTestCases.VerifyTagToTopicAllAccount -->
