<?xml version="1.0" encoding="UTF-8"?>
<!-- Generated by org.testng.reporters.JUnitReportReporter -->
<testsuite hostname="LAPTOP-1D78PSH8" name="iriiisMailTestCases.VerifySharingIRIIIS" tests="1" failures="0" timestamp="19 Jul 2017 10:28:34 GMT" time="23.615" errors="0">
  <testcase name="testMoveToSpamGmail" time="23.615" classname="iriiisMailTestCases.VerifySharingIRIIIS"/>
</testsuite> <!-- iriiisMailTestCases.VerifySharingIRIIIS -->
