<?xml version="1.0" encoding="UTF-8"?>
<!-- Generated by org.testng.reporters.JUnitReportReporter -->
<testsuite hostname="LAPTOP-1D78PSH8" name="IriiisDrive.VerifyIriiisFileTaging" tests="5" failures="0" timestamp="25 Jul 2017 09:04:35 GMT" time="90.543" errors="0">
  <testcase name="VerifyIriiisTag" time="17.269" classname="IriiisDrive.VerifyIriiisFileTaging"/>
  <testcase name="VerifgoogleTag" time="18.867" classname="IriiisDrive.VerifyIriiisFileTaging"/>
  <testcase name="VerifdropboxdriveTag" time="17.371" classname="IriiisDrive.VerifyIriiisFileTaging"/>
  <testcase name="VerifonedriveTag" time="18.470" classname="IriiisDrive.VerifyIriiisFileTaging"/>
  <testcase name="VerifboxdriveTag" time="18.566" classname="IriiisDrive.VerifyIriiisFileTaging"/>
</testsuite> <!-- IriiisDrive.VerifyIriiisFileTaging -->
