<?xml version="1.0" encoding="UTF-8"?>
<!-- Generated by org.testng.reporters.JUnitReportReporter -->
<testsuite hostname="LAPTOP-1D78PSH8" name="IntegratedMailViewTestCases.VerifySendingEmailAndProcessingAllAccount" tests="5" failures="0" timestamp="25 Jul 2017 07:00:08 GMT" time="32.201" errors="0">
  <testcase name="testVerifySendingEmailAllAccount" time="12.255" classname="IntegratedMailViewTestCases.VerifySendingEmailAndProcessingAllAccount"/>
  <testcase name="testBatchProcessingEmailAllAccount" time="6.332" classname="IntegratedMailViewTestCases.VerifySendingEmailAndProcessingAllAccount"/>
  <testcase name="testUnProcessingEmailAllAccount" time="3.123" classname="IntegratedMailViewTestCases.VerifySendingEmailAndProcessingAllAccount"/>
  <testcase name="testBatchUnProcessingEmailAllAccount" time="5.808" classname="IntegratedMailViewTestCases.VerifySendingEmailAndProcessingAllAccount"/>
  <testcase name="testProcessingEmailAllAccount" time="4.683" classname="IntegratedMailViewTestCases.VerifySendingEmailAndProcessingAllAccount"/>
</testsuite> <!-- IntegratedMailViewTestCases.VerifySendingEmailAndProcessingAllAccount -->
