<?xml version="1.0" encoding="UTF-8"?>
<!-- Generated by org.testng.reporters.JUnitReportReporter -->
<testsuite hostname="LAPTOP-1D78PSH8" name="iriiisMailTestCases.VerifyTashIRIIIS" tests="5" failures="0" timestamp="25 Jul 2017 07:00:08 GMT" time="52.588" errors="0">
  <testcase name="testMovetoInboxOfTrashEmailIRIIIS" time="18.458" classname="iriiisMailTestCases.VerifyTashIRIIIS"/>
  <testcase name="testDeleteForeverIRIIIS" time="9.274" classname="iriiisMailTestCases.VerifyTashIRIIIS"/>
  <testcase name="testBatchMoveToTrashIRIIIS" time="4.363" classname="iriiisMailTestCases.VerifyTashIRIIIS"/>
  <testcase name="testBatchMovetoInboxOfTrashIRIIIS" time="5.088" classname="iriiisMailTestCases.VerifyTashIRIIIS"/>
  <testcase name="testMoveToTrashIRIIIS" time="15.405" classname="iriiisMailTestCases.VerifyTashIRIIIS"/>
</testsuite> <!-- iriiisMailTestCases.VerifyTashIRIIIS -->
