<?xml version="1.0" encoding="UTF-8"?>
<!-- Generated by org.testng.reporters.JUnitReportReporter -->
<testsuite hostname="LAPTOP-1D78PSH8" name="GmailTestCases.VerifySendingEmailAndProcessingGmail" tests="5" failures="0" timestamp="20 Jul 2017 11:00:15 GMT" time="62.584" errors="0">
  <testcase name="testBatchUnProcessingEmailGMail" time="15.063" classname="GmailTestCases.VerifySendingEmailAndProcessingGmail"/>
  <testcase name="testBatchProcessingEmailGMail" time="14.296" classname="GmailTestCases.VerifySendingEmailAndProcessingGmail"/>
  <testcase name="testVerifySendingEmailGmail" time="24.830" classname="GmailTestCases.VerifySendingEmailAndProcessingGmail"/>
  <testcase name="testProcessingEmailGMail" time="4.802" classname="GmailTestCases.VerifySendingEmailAndProcessingGmail"/>
  <testcase name="testUnProcessingEmailGMail" time="3.593" classname="GmailTestCases.VerifySendingEmailAndProcessingGmail"/>
</testsuite> <!-- GmailTestCases.VerifySendingEmailAndProcessingGmail -->
