<?xml version="1.0" encoding="UTF-8"?>
<!-- Generated by org.testng.reporters.JUnitReportReporter -->
<testsuite hostname="LAPTOP-S0NUHBFQ" name="IriiisDrive.VerifyIriiisFileTaging" tests="1" failures="0" timestamp="28 Jul 2017 05:41:38 GMT" time="21.529" errors="0">
  <testcase name="VerifyIriiisTag" time="21.529" classname="IriiisDrive.VerifyIriiisFileTaging"/>
</testsuite> <!-- IriiisDrive.VerifyIriiisFileTaging -->
