<?xml version="1.0" encoding="UTF-8"?>
<!-- Generated by org.testng.reporters.JUnitReportReporter -->
<testsuite hostname="LAPTOP-1D78PSH8" name="iriiisMailTestCases.VerifySpamIRIIIS" tests="4" failures="0" timestamp="1 Aug 2017 08:49:21 GMT" time="27.551" errors="0">
  <testcase name="testMarkAsNotSpamIRIIIS" time="3.034" classname="iriiisMailTestCases.VerifySpamIRIIIS"/>
  <testcase name="testBatchMovetoInboxOfSpamIRIIIS" time="4.682" classname="iriiisMailTestCases.VerifySpamIRIIIS"/>
  <testcase name="testMoveToSpamIRIIIS" time="15.806" classname="iriiisMailTestCases.VerifySpamIRIIIS"/>
  <testcase name="testBatchMovetoSpamIRIIIS" time="4.029" classname="iriiisMailTestCases.VerifySpamIRIIIS"/>
</testsuite> <!-- iriiisMailTestCases.VerifySpamIRIIIS -->
