<?xml version="1.0" encoding="UTF-8"?>
<!-- Generated by org.testng.reporters.JUnitReportReporter -->
<testsuite hostname="LAPTOP-1D78PSH8" name="iriiisMailTestCases.VerifyTagToTopicIRIIIS" tests="2" failures="0" timestamp="2 Aug 2017 06:16:01 GMT" time="44.573" errors="0">
  <testcase name="testTagToTopicIRIIIS" time="21.531" classname="iriiisMailTestCases.VerifyTagToTopicIRIIIS"/>
  <testcase name="testBatchTagToTopicIRIIIS" time="23.042" classname="iriiisMailTestCases.VerifyTagToTopicIRIIIS"/>
</testsuite> <!-- iriiisMailTestCases.VerifyTagToTopicIRIIIS -->
