<?xml version="1.0" encoding="UTF-8"?>
<!-- Generated by org.testng.reporters.JUnitReportReporter -->
<testsuite hostname="LAPTOP-1D78PSH8" name="IriiisDrive.VerifyFilesTrashAndUntrash" tests="1" failures="0" timestamp="31 Jul 2017 12:02:53 GMT" time="21.527" errors="0">
  <testcase name="VerifyOnedriveFileTrash" time="21.527" classname="IriiisDrive.VerifyFilesTrashAndUntrash"/>
</testsuite> <!-- IriiisDrive.VerifyFilesTrashAndUntrash -->
