<?xml version="1.0" encoding="UTF-8"?>
<!-- Generated by org.testng.reporters.JUnitReportReporter -->
<testsuite hostname="LAPTOP-1D78PSH8" name="IntegratedMailViewTestCases.VerifyTagToTopicAllAccount" tests="2" failures="0" timestamp="20 Jul 2017 10:48:55 GMT" time="24.020" errors="0">
  <testcase name="testTagToTopicAllAccount" time="11.493" classname="IntegratedMailViewTestCases.VerifyTagToTopicAllAccount"/>
  <testcase name="testBatchTagToTopicAllAccount" time="12.527" classname="IntegratedMailViewTestCases.VerifyTagToTopicAllAccount"/>
</testsuite> <!-- IntegratedMailViewTestCases.VerifyTagToTopicAllAccount -->
