<?xml version="1.0" encoding="UTF-8"?>
<!-- Generated by org.testng.reporters.JUnitReportReporter -->
<testsuite hostname="LAPTOP-S0NUHBFQ" name="IriiisDrive.VerifyIriiisFileTaging" tests="1" failures="0" timestamp="27 Jul 2017 06:12:59 GMT" time="19.395" errors="0">
  <testcase name="VerifyIriiisTag" time="19.395" classname="IriiisDrive.VerifyIriiisFileTaging"/>
</testsuite> <!-- IriiisDrive.VerifyIriiisFileTaging -->
