<?xml version="1.0" encoding="UTF-8"?>
<!-- Generated by org.testng.reporters.JUnitReportReporter -->
<testsuite hostname="LAPTOP-1D78PSH8" name="IntegratedMailViewTestCases.VerifySharingAllAccount" tests="1" failures="0" timestamp="20 Jul 2017 05:20:55 GMT" time="9.901" errors="0">
  <testcase name="testShareToTopicAllAccount" time="9.901" classname="IntegratedMailViewTestCases.VerifySharingAllAccount"/>
</testsuite> <!-- IntegratedMailViewTestCases.VerifySharingAllAccount -->
