<?xml version="1.0" encoding="UTF-8"?>
<!-- Generated by org.testng.reporters.JUnitReportReporter -->
<testsuite hostname="LAPTOP-1D78PSH8" name="contactTestCases.VerifyInvitingContact$VerifyContactCreation" tests="1" failures="0" timestamp="27 Jul 2017 06:53:00 GMT" time="4.731" errors="0">
  <testcase name="testContactQuickCreate" time="4.731" classname="contactTestCases.VerifyInvitingContact$VerifyContactCreation"/>
</testsuite> <!-- contactTestCases.VerifyInvitingContact$VerifyContactCreation -->
