<?xml version="1.0" encoding="UTF-8"?>
<!-- Generated by org.testng.reporters.JUnitReportReporter -->
<testsuite hostname="LAPTOP-1D78PSH8" name="GmailTestCases.VerifySpamGmail" tests="4" failures="0" timestamp="20 Jul 2017 05:20:55 GMT" time="52.740" errors="0">
  <testcase name="testMarkAsNotSpamGMail" time="4.595" classname="GmailTestCases.VerifySpamGmail"/>
  <testcase name="testMoveToSpamGmail" time="15.714" classname="GmailTestCases.VerifySpamGmail"/>
  <testcase name="testBatchMovetoInboxOfSpamGmail" time="19.518" classname="GmailTestCases.VerifySpamGmail"/>
  <testcase name="testBatchMovetoSpamGmail" time="12.913" classname="GmailTestCases.VerifySpamGmail"/>
</testsuite> <!-- GmailTestCases.VerifySpamGmail -->
