<?xml version="1.0" encoding="UTF-8"?>
<!-- Generated by org.testng.reporters.JUnitReportReporter -->
<testsuite hostname="LAPTOP-1D78PSH8" name="IriiisDrive.VerifyIriiisFileTaging" tests="5" failures="0" timestamp="26 Jul 2017 03:53:02 GMT" time="92.754" errors="0">
  <testcase name="VerifboxdriveTag" time="18.020" classname="IriiisDrive.VerifyIriiisFileTaging"/>
  <testcase name="VerifyIriiisTag" time="19.209" classname="IriiisDrive.VerifyIriiisFileTaging"/>
  <testcase name="VerifdropboxdriveTag" time="17.780" classname="IriiisDrive.VerifyIriiisFileTaging"/>
  <testcase name="VerifgoogleTag" time="17.649" classname="IriiisDrive.VerifyIriiisFileTaging"/>
  <testcase name="VerifonedriveTag" time="20.096" classname="IriiisDrive.VerifyIriiisFileTaging"/>
</testsuite> <!-- IriiisDrive.VerifyIriiisFileTaging -->
