<?xml version="1.0" encoding="UTF-8"?>
<!-- Generated by org.testng.reporters.JUnitReportReporter -->
<testsuite hostname="LAPTOP-1D78PSH8" name="GmailTestCases.VerifyReadUnreadGmail" tests="3" failures="0" timestamp="20 Jul 2017 11:08:50 GMT" time="56.999" errors="0">
  <testcase name="testBatchUnreadGmail" time="23.442" classname="GmailTestCases.VerifyReadUnreadGmail"/>
  <testcase name="testBatchReadGmail" time="11.445" classname="GmailTestCases.VerifyReadUnreadGmail"/>
  <testcase name="testMarkAsUnreadGmail" time="22.112" classname="GmailTestCases.VerifyReadUnreadGmail"/>
</testsuite> <!-- GmailTestCases.VerifyReadUnreadGmail -->
