<?xml version="1.0" encoding="UTF-8"?>
<!-- Generated by org.testng.reporters.JUnitReportReporter -->
<testsuite hostname="LAPTOP-1D78PSH8" name="contactTestCases.VerifyContact" tests="1" failures="0" timestamp="2 Aug 2017 06:16:01 GMT" time="5.858" errors="0">
  <testcase name="testContactQuickCreate" time="5.858" classname="contactTestCases.VerifyContact"/>
</testsuite> <!-- contactTestCases.VerifyContact -->
