<?xml version="1.0" encoding="UTF-8"?>
<!-- Generated by org.testng.reporters.JUnitReportReporter -->
<testsuite hostname="LAPTOP-1D78PSH8" name="IntegratedMailViewTestCases.VerifyReadUnreadAllAccount" tests="3" failures="0" timestamp="25 Jul 2017 07:57:22 GMT" time="26.804" errors="0">
  <testcase name="testBatchReadAllAccount" time="5.369" classname="IntegratedMailViewTestCases.VerifyReadUnreadAllAccount"/>
  <testcase name="testMarkAsUnreadAllAccount" time="9.522" classname="IntegratedMailViewTestCases.VerifyReadUnreadAllAccount"/>
  <testcase name="testBatchUnreadAllAccount" time="11.913" classname="IntegratedMailViewTestCases.VerifyReadUnreadAllAccount"/>
</testsuite> <!-- IntegratedMailViewTestCases.VerifyReadUnreadAllAccount -->
