<?xml version="1.0" encoding="UTF-8"?>
<!-- Generated by org.testng.reporters.JUnitReportReporter -->
<testsuite hostname="LAPTOP-1D78PSH8" name="contactTestCases.VerifyContactCreation" tests="6" failures="0" timestamp="1 Aug 2017 08:49:21 GMT" time="25.191" errors="0">
  <testcase name="testSingleContactDeletion" time="6.297" classname="contactTestCases.VerifyContactCreation"/>
  <testcase name="testCreateContactWithoutAnyfields" time="0.722" classname="contactTestCases.VerifyContactCreation"/>
  <testcase name="testCreateContactionBySearch" time="3.128" classname="contactTestCases.VerifyContactCreation"/>
  <testcase name="testContactQuickCreate" time="5.491" classname="contactTestCases.VerifyContactCreation"/>
  <testcase name="testCreateContactWithoutProfileSearch" time="3.435" classname="contactTestCases.VerifyContactCreation"/>
  <testcase name="testUpdateContact" time="6.118" classname="contactTestCases.VerifyContactCreation"/>
</testsuite> <!-- contactTestCases.VerifyContactCreation -->
