<?xml version="1.0" encoding="UTF-8"?>
<!-- Generated by org.testng.reporters.JUnitReportReporter -->
<testsuite hostname="LAPTOP-S0NUHBFQ" name="DocumentTestCases.SelectinAccount" tests="1" failures="0" timestamp="24 Jul 2017 11:02:06 GMT" time="16.729" errors="0">
  <testcase name="SelectAccount" time="16.729" classname="DocumentTestCases.SelectinAccount"/>
</testsuite> <!-- DocumentTestCases.SelectinAccount -->
