<?xml version="1.0" encoding="UTF-8"?>
<!-- Generated by org.testng.reporters.JUnitReportReporter -->
<testsuite hostname="LAPTOP-S0NUHBFQ" name="IriiisDrive.VerifyTheFileUpdatedesc" tests="4" failures="0" timestamp="9 Aug 2017 07:42:28 GMT" time="99.217" errors="0">
  <testcase name="VerifyDropboxdriveFileUpdateDesc" time="24.676" classname="IriiisDrive.VerifyTheFileUpdatedesc"/>
  <testcase name="VerifyOnedriveFileUpdateDesc" time="24.672" classname="IriiisDrive.VerifyTheFileUpdatedesc"/>
  <testcase name="VerifyboxdriveFileUpdateDesc" time="24.865" classname="IriiisDrive.VerifyTheFileUpdatedesc"/>
  <testcase name="VerifyIriiisFileUpdateDesc" time="25.004" classname="IriiisDrive.VerifyTheFileUpdatedesc"/>
</testsuite> <!-- IriiisDrive.VerifyTheFileUpdatedesc -->
