<?xml version="1.0" encoding="UTF-8"?>
<!-- Generated by org.testng.reporters.JUnitReportReporter -->
<testsuite hostname="LAPTOP-1D78PSH8" name="IntegratedMailViewTestCases.VerifySharingAllAccount" tests="1" failures="0" timestamp="1 Aug 2017 08:49:21 GMT" time="11.884" errors="0">
  <testcase name="testShareToTopicAllAccount" time="11.884" classname="IntegratedMailViewTestCases.VerifySharingAllAccount"/>
</testsuite> <!-- IntegratedMailViewTestCases.VerifySharingAllAccount -->
