<?xml version="1.0" encoding="UTF-8"?>
<!-- Generated by org.testng.reporters.JUnitReportReporter -->
<testsuite hostname="LAPTOP-1D78PSH8" name="GmailTestCases.VerifyTashGmail" tests="6" failures="0" timestamp="25 Jul 2017 07:57:22 GMT" time="58.622" errors="0">
  <testcase name="testBatchDeleteForeverGmail" time="0.001" classname="GmailTestCases.VerifyTashGmail"/>
  <testcase name="testMovetoInboxOfTrashEmailGmail" time="17.505" classname="GmailTestCases.VerifyTashGmail"/>
  <testcase name="testDeleteForeverGmail" time="11.540" classname="GmailTestCases.VerifyTashGmail"/>
  <testcase name="testBatchMoveToTrashGmail" time="5.224" classname="GmailTestCases.VerifyTashGmail"/>
  <testcase name="testBatchMovetoInboxOfTrashGmail" time="6.858" classname="GmailTestCases.VerifyTashGmail"/>
  <testcase name="testMoveToTrashGmail" time="17.494" classname="GmailTestCases.VerifyTashGmail"/>
</testsuite> <!-- GmailTestCases.VerifyTashGmail -->
