<?xml version="1.0" encoding="UTF-8"?>
<!-- Generated by org.testng.reporters.JUnitReportReporter -->
<testsuite hostname="LAPTOP-1D78PSH8" name="iriiisMailTestCases.VerifyReadUnreadIRIIIS" tests="3" failures="0" timestamp="20 Jul 2017 11:33:34 GMT" time="25.694" errors="0">
  <testcase name="testMarkAsUnreadIRIIIS" time="19.541" classname="iriiisMailTestCases.VerifyReadUnreadIRIIIS"/>
  <testcase name="testBatchReadIRIIIS" time="3.126" classname="iriiisMailTestCases.VerifyReadUnreadIRIIIS"/>
  <testcase name="testBatchUnreadIRIIIS" time="3.027" classname="iriiisMailTestCases.VerifyReadUnreadIRIIIS"/>
</testsuite> <!-- iriiisMailTestCases.VerifyReadUnreadIRIIIS -->
