<?xml version="1.0" encoding="UTF-8"?>
<!-- Generated by org.testng.reporters.JUnitReportReporter -->
<testsuite hostname="LAPTOP-1D78PSH8" name="emailTestCases.VerifySharing" tests="1" failures="0" timestamp="18 Jul 2017 10:22:20 GMT" time="11.662" errors="0">
  <testcase name="testTagToTopic" time="11.662" classname="emailTestCases.VerifySharing"/>
</testsuite> <!-- emailTestCases.VerifySharing -->
