<?xml version="1.0" encoding="UTF-8"?>
<!-- Generated by org.testng.reporters.JUnitReportReporter -->
<testsuite hostname="LAPTOP-1D78PSH8" name="iriiisMailTestCases.VerifySpamIRIIIS" tests="4" failures="0" timestamp="25 Jul 2017 07:57:22 GMT" time="28.623" errors="0">
  <testcase name="testMarkAsNotSpamIRIIIS" time="3.456" classname="iriiisMailTestCases.VerifySpamIRIIIS"/>
  <testcase name="testBatchMovetoSpamIRIIIS" time="4.089" classname="iriiisMailTestCases.VerifySpamIRIIIS"/>
  <testcase name="testMoveToSpamIRIIIS" time="15.987" classname="iriiisMailTestCases.VerifySpamIRIIIS"/>
  <testcase name="testBatchMovetoInboxOfSpamIRIIIS" time="5.091" classname="iriiisMailTestCases.VerifySpamIRIIIS"/>
</testsuite> <!-- iriiisMailTestCases.VerifySpamIRIIIS -->
