<?xml version="1.0" encoding="UTF-8"?>
<!-- Generated by org.testng.reporters.JUnitReportReporter -->
<testsuite hostname="LAPTOP-S0NUHBFQ" name="IriiisDrive.VerifyTheFileUpdatedesc" tests="5" failures="0" timestamp="1 Aug 2017 08:00:48 GMT" time="123.529" errors="0">
  <testcase name="VerifygoogleFileUpdateDesc" time="24.930" classname="IriiisDrive.VerifyTheFileUpdatedesc"/>
  <testcase name="VerifyOnedriveFileUpdateDesc" time="24.603" classname="IriiisDrive.VerifyTheFileUpdatedesc"/>
  <testcase name="VerifyIriiisFileUpdateDesc" time="24.696" classname="IriiisDrive.VerifyTheFileUpdatedesc"/>
  <testcase name="VerifyDropboxdriveFileUpdateDesc" time="24.690" classname="IriiisDrive.VerifyTheFileUpdatedesc"/>
  <testcase name="VerifyboxdriveFileUpdateDesc" time="24.610" classname="IriiisDrive.VerifyTheFileUpdatedesc"/>
</testsuite> <!-- IriiisDrive.VerifyTheFileUpdatedesc -->
