<?xml version="1.0" encoding="UTF-8"?>
<!-- Generated by org.testng.reporters.JUnitReportReporter -->
<testsuite hostname="LAPTOP-1D78PSH8" name="GmailTestCases.VerifySendingEmailAndProcessing" tests="1" failures="0" timestamp="19 Jul 2017 08:15:10 GMT" time="62.155" errors="0">
  <testcase name="testVerifySendingEmailGmail" time="62.155" classname="GmailTestCases.VerifySendingEmailAndProcessing"/>
</testsuite> <!-- GmailTestCases.VerifySendingEmailAndProcessing -->
