<?xml version="1.0" encoding="UTF-8"?>
<!-- Generated by org.testng.reporters.JUnitReportReporter -->
<testsuite hostname="LAPTOP-1D78PSH8" name="GmailTestCases.VerifySendingEmailAndProcessingGmail" tests="5" failures="0" timestamp="25 Jul 2017 07:00:08 GMT" time="47.097" errors="0">
  <testcase name="testVerifySendingEmailGmail" time="24.245" classname="GmailTestCases.VerifySendingEmailAndProcessingGmail"/>
  <testcase name="testBatchProcessingEmailGMail" time="7.522" classname="GmailTestCases.VerifySendingEmailAndProcessingGmail"/>
  <testcase name="testBatchUnProcessingEmailGMail" time="6.640" classname="GmailTestCases.VerifySendingEmailAndProcessingGmail"/>
  <testcase name="testProcessingEmailGMail" time="5.191" classname="GmailTestCases.VerifySendingEmailAndProcessingGmail"/>
  <testcase name="testUnProcessingEmailGMail" time="3.499" classname="GmailTestCases.VerifySendingEmailAndProcessingGmail"/>
</testsuite> <!-- GmailTestCases.VerifySendingEmailAndProcessingGmail -->
