<?xml version="1.0" encoding="UTF-8"?>
<!-- Generated by org.testng.reporters.JUnitReportReporter -->
<testsuite hostname="LAPTOP-1D78PSH8" name="IriiisDrive.VerifyIriiisFileTaging" tests="10" failures="0" timestamp="2 Aug 2017 06:16:01 GMT" time="259.151" errors="0">
  <testcase name="VerifyDropboxSharing" time="25.654" classname="IriiisDrive.VerifyIriiisFileTaging"/>
  <testcase name="VerifgoogleTag" time="27.469" classname="IriiisDrive.VerifyIriiisFileTaging"/>
  <testcase name="VerifyOnedriveSharing" time="25.035" classname="IriiisDrive.VerifyIriiisFileTaging"/>
  <testcase name="VerifdropboxdriveTag" time="26.876" classname="IriiisDrive.VerifyIriiisFileTaging"/>
  <testcase name="VerifboxdriveTag" time="26.271" classname="IriiisDrive.VerifyIriiisFileTaging"/>
  <testcase name="VerifyIriiisTag" time="25.691" classname="IriiisDrive.VerifyIriiisFileTaging"/>
  <testcase name="VerifonedriveTag" time="25.017" classname="IriiisDrive.VerifyIriiisFileTaging"/>
  <testcase name="VerifyboxSharing" time="25.891" classname="IriiisDrive.VerifyIriiisFileTaging"/>
  <testcase name="VerifyIriiisSharing" time="25.875" classname="IriiisDrive.VerifyIriiisFileTaging"/>
  <testcase name="VerifyGoogleSharing" time="25.372" classname="IriiisDrive.VerifyIriiisFileTaging"/>
</testsuite> <!-- IriiisDrive.VerifyIriiisFileTaging -->
