<?xml version="1.0" encoding="UTF-8"?>
<!-- Generated by org.testng.reporters.JUnitReportReporter -->
<testsuite hostname="LAPTOP-1D78PSH8" name="iriiisMailTestCases.VerifySharingIRIIIS" tests="1" failures="0" timestamp="26 Jul 2017 03:53:02 GMT" time="22.559" errors="0">
  <testcase name="testShareToTopicIRIIIS" time="22.559" classname="iriiisMailTestCases.VerifySharingIRIIIS"/>
</testsuite> <!-- iriiisMailTestCases.VerifySharingIRIIIS -->
