<?xml version="1.0" encoding="UTF-8"?>
<!-- Generated by org.testng.reporters.JUnitReportReporter -->
<testsuite hostname="LAPTOP-S0NUHBFQ" name="iriiisMailTestCases.VerifyattachandEmails" tests="4" failures="0" timestamp="26 Jul 2017 06:00:39 GMT" time="90.644" errors="0">
  <testcase name="VerifyReplyallwithAttachment" time="19.996" classname="iriiisMailTestCases.VerifyattachandEmails"/>
  <testcase name="VerifyForwardAttachments" time="23.620" classname="iriiisMailTestCases.VerifyattachandEmails"/>
  <testcase name="VerifyReplyAttachments" time="22.914" classname="iriiisMailTestCases.VerifyattachandEmails"/>
  <testcase name="VeiryAttachments" time="24.114" classname="iriiisMailTestCases.VerifyattachandEmails"/>
</testsuite> <!-- iriiisMailTestCases.VerifyattachandEmails -->
