<?xml version="1.0" encoding="UTF-8"?>
<!-- Generated by org.testng.reporters.JUnitReportReporter -->
<testsuite hostname="LAPTOP-1D78PSH8" name="iriiisMailTestCases.VerifyTagToTopicIRIIIS" tests="2" failures="0" timestamp="1 Aug 2017 08:49:21 GMT" time="43.150" errors="0">
  <testcase name="testTagToTopicIRIIIS" time="20.641" classname="iriiisMailTestCases.VerifyTagToTopicIRIIIS"/>
  <testcase name="testBatchTagToTopicIRIIIS" time="22.509" classname="iriiisMailTestCases.VerifyTagToTopicIRIIIS"/>
</testsuite> <!-- iriiisMailTestCases.VerifyTagToTopicIRIIIS -->
