<?xml version="1.0" encoding="UTF-8"?>
<!-- Generated by org.testng.reporters.JUnitReportReporter -->
<testsuite hostname="LAPTOP-1D78PSH8" name="GmailTestCases.VerifyReadUnreadGmail" tests="3" failures="0" timestamp="25 Jul 2017 07:57:22 GMT" time="41.913" errors="0">
  <testcase name="testBatchUnreadGmail" time="3.971" classname="GmailTestCases.VerifyReadUnreadGmail"/>
  <testcase name="testMarkAsUnreadGmail" time="20.759" classname="GmailTestCases.VerifyReadUnreadGmail"/>
  <testcase name="testBatchReadGmail" time="17.183" classname="GmailTestCases.VerifyReadUnreadGmail"/>
</testsuite> <!-- GmailTestCases.VerifyReadUnreadGmail -->
