<?xml version="1.0" encoding="UTF-8"?>
<!-- Generated by org.testng.reporters.JUnitReportReporter -->
<testsuite hostname="LAPTOP-1D78PSH8" name="GmailTestCases.VerifyReplyAndForwardGmail" tests="3" failures="0" timestamp="20 Jul 2017 11:00:15 GMT" time="50.735" errors="0">
  <testcase name="testVerifyReplyAllGmail" time="12.869" classname="GmailTestCases.VerifyReplyAndForwardGmail"/>
  <testcase name="testVerifyReplyEmailGmail" time="24.423" classname="GmailTestCases.VerifyReplyAndForwardGmail"/>
  <testcase name="testVerifyForwardGmail" time="13.443" classname="GmailTestCases.VerifyReplyAndForwardGmail"/>
</testsuite> <!-- GmailTestCases.VerifyReplyAndForwardGmail -->
