<?xml version="1.0" encoding="UTF-8"?>
<!-- Generated by org.testng.reporters.JUnitReportReporter -->
<testsuite hostname="LAPTOP-1D78PSH8" name="emailTestCases.VerifyTagToTopic" tests="2" failures="0" timestamp="18 Jul 2017 10:22:20 GMT" time="23.502" errors="0">
  <testcase name="testTagToTopic" time="11.241" classname="emailTestCases.VerifyTagToTopic"/>
  <testcase name="testBatchTagToTopic" time="12.261" classname="emailTestCases.VerifyTagToTopic"/>
</testsuite> <!-- emailTestCases.VerifyTagToTopic -->
