<?xml version="1.0" encoding="UTF-8"?>
<!-- Generated by org.testng.reporters.JUnitReportReporter -->
<testsuite hostname="LAPTOP-1D78PSH8" name="iriiisMailTestCases.VerifyTagToTopicIRIIIS" tests="2" failures="0" timestamp="25 Jul 2017 07:00:08 GMT" time="46.569" errors="0">
  <testcase name="testTagToTopicIRIIIS" time="21.676" classname="iriiisMailTestCases.VerifyTagToTopicIRIIIS"/>
  <testcase name="testBatchTagToTopicIRIIIS" time="24.893" classname="iriiisMailTestCases.VerifyTagToTopicIRIIIS"/>
</testsuite> <!-- iriiisMailTestCases.VerifyTagToTopicIRIIIS -->
