<?xml version="1.0" encoding="UTF-8"?>
<!-- Generated by org.testng.reporters.JUnitReportReporter -->
<testsuite hostname="LAPTOP-S0NUHBFQ" name="IriiisDrive.VerifyDragAndDropFile" tests="1" failures="0" timestamp="9 Aug 2017 11:28:25 GMT" time="21.492" errors="0">
  <testcase name="testt" time="21.492" classname="IriiisDrive.VerifyDragAndDropFile"/>
</testsuite> <!-- IriiisDrive.VerifyDragAndDropFile -->
