<?xml version="1.0" encoding="UTF-8"?>
<!-- Generated by org.testng.reporters.JUnitReportReporter -->
<testsuite hostname="LAPTOP-1D78PSH8" name="IntegratedMailViewTestCases.VerifySpamAllAccount" tests="4" failures="0" timestamp="1 Aug 2017 08:49:21 GMT" time="30.724" errors="0">
  <testcase name="testMarkAsNotSpamAllAccount" time="4.774" classname="IntegratedMailViewTestCases.VerifySpamAllAccount"/>
  <testcase name="testBatchMovetoInboxOfSpamAllAccount" time="10.198" classname="IntegratedMailViewTestCases.VerifySpamAllAccount"/>
  <testcase name="testBatchMovetoSpamAllAccount" time="7.952" classname="IntegratedMailViewTestCases.VerifySpamAllAccount"/>
  <testcase name="testMoveToSpamAllAccount" time="7.800" classname="IntegratedMailViewTestCases.VerifySpamAllAccount"/>
</testsuite> <!-- IntegratedMailViewTestCases.VerifySpamAllAccount -->
