<?xml version="1.0" encoding="UTF-8"?>
<!-- Generated by org.testng.reporters.JUnitReportReporter -->
<testsuite hostname="LAPTOP-1D78PSH8" name="IntegratedMailViewTestCases.VerifySharingAllAccount" tests="1" failures="0" timestamp="19 Jul 2017 11:28:08 GMT" time="11.588" errors="0">
  <testcase name="testShareToTopicAllAccount" time="11.588" classname="IntegratedMailViewTestCases.VerifySharingAllAccount"/>
</testsuite> <!-- IntegratedMailViewTestCases.VerifySharingAllAccount -->
