<?xml version="1.0" encoding="UTF-8"?>
<!-- Generated by org.testng.reporters.JUnitReportReporter -->
<testsuite hostname="LAPTOP-1D78PSH8" name="emailTestCases.VerifySendAndProcessed" tests="5" failures="0" timestamp="19 Jul 2017 07:44:30 GMT" time="62.143" errors="0">
  <testcase name="testVerifySendingEmail" time="12.490" classname="emailTestCases.VerifySendAndProcessed"/>
  <testcase name="TestBatchProcessingOfEmail" time="15.561" classname="emailTestCases.VerifySendAndProcessed"/>
  <testcase name="TestProcessingOfEmail" time="16.415" classname="emailTestCases.VerifySendAndProcessed"/>
  <testcase name="TestUnProcessingOfEmail" time="3.449" classname="emailTestCases.VerifySendAndProcessed"/>
  <testcase name="TestBatchUnProcessingOfEmail" time="14.228" classname="emailTestCases.VerifySendAndProcessed"/>
</testsuite> <!-- emailTestCases.VerifySendAndProcessed -->
