<?xml version="1.0" encoding="UTF-8"?>
<!-- Generated by org.testng.reporters.JUnitReportReporter -->
<testsuite hostname="LAPTOP-1D78PSH8" name="iriiisMailTestCases.VerifyTashIRIIIS" tests="5" failures="0" timestamp="20 Jul 2017 05:20:55 GMT" time="37.766" errors="0">
  <testcase name="testMoveToTrashIRIIIS" time="15.279" classname="iriiisMailTestCases.VerifyTashIRIIIS"/>
  <testcase name="testBatchMoveToTrashIRIIIS" time="6.843" classname="iriiisMailTestCases.VerifyTashIRIIIS"/>
  <testcase name="testMovetoInboxOfTrashEmailIRIIIS" time="3.593" classname="iriiisMailTestCases.VerifyTashIRIIIS"/>
  <testcase name="testDeleteForeverIRIIIS" time="4.687" classname="iriiisMailTestCases.VerifyTashIRIIIS"/>
  <testcase name="testBatchMovetoInboxOfTrashIRIIIS" time="7.364" classname="iriiisMailTestCases.VerifyTashIRIIIS"/>
</testsuite> <!-- iriiisMailTestCases.VerifyTashIRIIIS -->
