<?xml version="1.0" encoding="UTF-8"?>
<!-- Generated by org.testng.reporters.JUnitReportReporter -->
<testsuite hostname="LAPTOP-S0NUHBFQ" name="IriiisDrive.VerifyBatchTrashAndUntrash" tests="8" failures="0" timestamp="9 Aug 2017 07:42:28 GMT" time="299.287" errors="0">
  <testcase name="VerifyBoxdriveBatchFileTrash" time="32.290" classname="IriiisDrive.VerifyBatchTrashAndUntrash"/>
  <testcase name="VerifygoogleBatchFileUnTrash" time="41.937" classname="IriiisDrive.VerifyBatchTrashAndUntrash"/>
  <testcase name="VerifyIriiisBatchFileTrash" time="33.227" classname="IriiisDrive.VerifyBatchTrashAndUntrash"/>
  <testcase name="VerifyDropboxBatchFileTrash" time="32.403" classname="IriiisDrive.VerifyBatchTrashAndUntrash"/>
  <testcase name="VerifyIgoogleBatchFileTrash" time="32.376" classname="IriiisDrive.VerifyBatchTrashAndUntrash"/>
  <testcase name="VerifyOIriiisBatchFileUnTrash" time="42.966" classname="IriiisDrive.VerifyBatchTrashAndUntrash"/>
  <testcase name="VerifyBoxdriveBatchFileUnTrash" time="42.374" classname="IriiisDrive.VerifyBatchTrashAndUntrash"/>
  <testcase name="VerifyboxBatchFileUnTrash" time="41.714" classname="IriiisDrive.VerifyBatchTrashAndUntrash"/>
</testsuite> <!-- IriiisDrive.VerifyBatchTrashAndUntrash -->
