<?xml version="1.0" encoding="UTF-8"?>
<!-- Generated by org.testng.reporters.JUnitReportReporter -->
<testsuite hostname="LAPTOP-1D78PSH8" name="testcases.VerifyEmail3" tests="3" failures="0" timestamp="14 Jul 2017 10:08:16 GMT" time="32.291" errors="0">
  <testcase name="testMarkAsUnread" time="10.696" classname="testcases.VerifyEmail3"/>
  <testcase name="testBatchRead" time="12.811" classname="testcases.VerifyEmail3"/>
  <testcase name="testBatchUnread" time="8.784" classname="testcases.VerifyEmail3"/>
</testsuite> <!-- testcases.VerifyEmail3 -->
