<?xml version="1.0" encoding="UTF-8"?>
<!-- Generated by org.testng.reporters.JUnitReportReporter -->
<testsuite hostname="LAPTOP-1D78PSH8" name="IntegratedMailViewTestCases.VerifySendingEmailAndProcessingAllAccount" tests="5" failures="0" timestamp="25 Jul 2017 07:57:22 GMT" time="34.319" errors="0">
  <testcase name="testProcessingEmailAllAccount" time="5.416" classname="IntegratedMailViewTestCases.VerifySendingEmailAndProcessingAllAccount"/>
  <testcase name="testUnProcessingEmailAllAccount" time="3.384" classname="IntegratedMailViewTestCases.VerifySendingEmailAndProcessingAllAccount"/>
  <testcase name="testBatchUnProcessingEmailAllAccount" time="5.977" classname="IntegratedMailViewTestCases.VerifySendingEmailAndProcessingAllAccount"/>
  <testcase name="testVerifySendingEmailAllAccount" time="12.272" classname="IntegratedMailViewTestCases.VerifySendingEmailAndProcessingAllAccount"/>
  <testcase name="testBatchProcessingEmailAllAccount" time="7.270" classname="IntegratedMailViewTestCases.VerifySendingEmailAndProcessingAllAccount"/>
</testsuite> <!-- IntegratedMailViewTestCases.VerifySendingEmailAndProcessingAllAccount -->
