<?xml version="1.0" encoding="UTF-8"?>
<!-- Generated by org.testng.reporters.JUnitReportReporter -->
<testsuite hostname="LAPTOP-1D78PSH8" name="IntegratedMailViewTestCases.VerifySpamAllAccount" tests="4" failures="0" timestamp="25 Jul 2017 07:00:08 GMT" time="17.759" errors="0">
  <testcase name="testMoveToSpamAllAccount" time="5.084" classname="IntegratedMailViewTestCases.VerifySpamAllAccount"/>
  <testcase name="testBatchMovetoInboxOfSpamAllAccount" time="5.163" classname="IntegratedMailViewTestCases.VerifySpamAllAccount"/>
  <testcase name="testBatchMovetoSpamAllAccount" time="4.367" classname="IntegratedMailViewTestCases.VerifySpamAllAccount"/>
  <testcase name="testMarkAsNotSpamAllAccount" time="3.145" classname="IntegratedMailViewTestCases.VerifySpamAllAccount"/>
</testsuite> <!-- IntegratedMailViewTestCases.VerifySpamAllAccount -->
