<?xml version="1.0" encoding="UTF-8"?>
<!-- Generated by org.testng.reporters.JUnitReportReporter -->
<testsuite hostname="LAPTOP-1D78PSH8" name="iriiisMailTestCases.VerifyattachandEmails" tests="4" failures="0" timestamp="1 Aug 2017 08:49:21 GMT" time="86.067" errors="0">
  <testcase name="VerifyForwardAttachments" time="22.243" classname="iriiisMailTestCases.VerifyattachandEmails"/>
  <testcase name="VerifyReplyallwithAttachment" time="19.465" classname="iriiisMailTestCases.VerifyattachandEmails"/>
  <testcase name="VerifyReplyAttachments" time="21.266" classname="iriiisMailTestCases.VerifyattachandEmails"/>
  <testcase name="VeiryAttachments" time="23.093" classname="iriiisMailTestCases.VerifyattachandEmails"/>
</testsuite> <!-- iriiisMailTestCases.VerifyattachandEmails -->
