<?xml version="1.0" encoding="UTF-8"?>
<!-- Generated by org.testng.reporters.JUnitReportReporter -->
<testsuite hostname="LAPTOP-1D78PSH8" name="IntegratedMailViewTestCases.VerifyTashAllAccount" tests="5" failures="0" timestamp="19 Jul 2017 11:28:08 GMT" time="48.167" errors="0">
  <testcase name="testBatchMoveToTrashAllAccount" time="13.837" classname="IntegratedMailViewTestCases.VerifyTashAllAccount"/>
  <testcase name="testDeleteForeverAllAccount" time="9.705" classname="IntegratedMailViewTestCases.VerifyTashAllAccount"/>
  <testcase name="testMovetoInboxOfTrashEmailAllAccount" time="3.715" classname="IntegratedMailViewTestCases.VerifyTashAllAccount"/>
  <testcase name="testBatchMovetoInboxOfTrashAllAccount" time="15.037" classname="IntegratedMailViewTestCases.VerifyTashAllAccount"/>
  <testcase name="testMoveToTrashAllAccount" time="5.873" classname="IntegratedMailViewTestCases.VerifyTashAllAccount"/>
</testsuite> <!-- IntegratedMailViewTestCases.VerifyTashAllAccount -->
