<?xml version="1.0" encoding="UTF-8"?>
<!-- Generated by org.testng.reporters.JUnitReportReporter -->
<testsuite hostname="LAPTOP-1D78PSH8" name="iriiisMailTestCases.VerifySendingEmailAndProcessingIRIIIS" tests="5" failures="0" timestamp="1 Aug 2017 08:49:21 GMT" time="39.036" errors="0">
  <testcase name="testProcessingEmailIRIIIS" time="3.934" classname="iriiisMailTestCases.VerifySendingEmailAndProcessingIRIIIS"/>
  <testcase name="testBatchProcessingEmailIRIIIS" time="4.120" classname="iriiisMailTestCases.VerifySendingEmailAndProcessingIRIIIS"/>
  <testcase name="testUnProcessingEmailIRIIIS" time="2.846" classname="iriiisMailTestCases.VerifySendingEmailAndProcessingIRIIIS"/>
  <testcase name="testBatchUnProcessingEmailIRIIIS" time="4.020" classname="iriiisMailTestCases.VerifySendingEmailAndProcessingIRIIIS"/>
  <testcase name="testVerifySendingEmailIRIIIS" time="24.116" classname="iriiisMailTestCases.VerifySendingEmailAndProcessingIRIIIS"/>
</testsuite> <!-- iriiisMailTestCases.VerifySendingEmailAndProcessingIRIIIS -->
