<?xml version="1.0" encoding="UTF-8"?>
<!-- Generated by org.testng.reporters.JUnitReportReporter -->
<testsuite hostname="LAPTOP-1D78PSH8" name="iriiisMailTestCases.VerifySendingEmailAndProcessingIRIIIS" tests="5" failures="0" timestamp="25 Jul 2017 07:57:22 GMT" time="41.540" errors="0">
  <testcase name="testBatchProcessingEmailIRIIIS" time="4.168" classname="iriiisMailTestCases.VerifySendingEmailAndProcessingIRIIIS"/>
  <testcase name="testUnProcessingEmailIRIIIS" time="3.027" classname="iriiisMailTestCases.VerifySendingEmailAndProcessingIRIIIS"/>
  <testcase name="testVerifySendingEmailIRIIIS" time="25.320" classname="iriiisMailTestCases.VerifySendingEmailAndProcessingIRIIIS"/>
  <testcase name="testBatchUnProcessingEmailIRIIIS" time="4.836" classname="iriiisMailTestCases.VerifySendingEmailAndProcessingIRIIIS"/>
  <testcase name="testProcessingEmailIRIIIS" time="4.189" classname="iriiisMailTestCases.VerifySendingEmailAndProcessingIRIIIS"/>
</testsuite> <!-- iriiisMailTestCases.VerifySendingEmailAndProcessingIRIIIS -->
