<?xml version="1.0" encoding="UTF-8"?>
<!-- Generated by org.testng.reporters.JUnitReportReporter -->
<testsuite hostname="LAPTOP-1D78PSH8" name="IntegratedMailViewTestCases.VerifyTashAllAccount" tests="5" failures="0" timestamp="20 Jul 2017 10:52:47 GMT" time="50.016" errors="0">
  <testcase name="testBatchMovetoInboxOfTrashAllAccount" time="5.791" classname="IntegratedMailViewTestCases.VerifyTashAllAccount"/>
  <testcase name="testBatchMoveToTrashAllAccount" time="4.340" classname="IntegratedMailViewTestCases.VerifyTashAllAccount"/>
  <testcase name="testMovetoInboxOfTrashEmailAllAccount" time="29.205" classname="IntegratedMailViewTestCases.VerifyTashAllAccount"/>
  <testcase name="testDeleteForeverAllAccount" time="5.906" classname="IntegratedMailViewTestCases.VerifyTashAllAccount"/>
  <testcase name="testMoveToTrashAllAccount" time="4.774" classname="IntegratedMailViewTestCases.VerifyTashAllAccount"/>
</testsuite> <!-- IntegratedMailViewTestCases.VerifyTashAllAccount -->
