<?xml version="1.0" encoding="UTF-8"?>
<!-- Generated by org.testng.reporters.JUnitReportReporter -->
<testsuite hostname="LAPTOP-1D78PSH8" name="iriiisMailTestCases.VerifySendingEmailAndProcessingIRIIIS" tests="5" failures="0" timestamp="3 Aug 2017 06:01:41 GMT" time="63.876" errors="0">
  <testcase name="testBatchUnProcessingEmailIRIIIS" time="9.758" classname="iriiisMailTestCases.VerifySendingEmailAndProcessingIRIIIS"/>
  <testcase name="testUnProcessingEmailIRIIIS" time="4.839" classname="iriiisMailTestCases.VerifySendingEmailAndProcessingIRIIIS"/>
  <testcase name="testProcessingEmailIRIIIS" time="6.670" classname="iriiisMailTestCases.VerifySendingEmailAndProcessingIRIIIS"/>
  <testcase name="testVerifySendingEmailIRIIIS" time="35.301" classname="iriiisMailTestCases.VerifySendingEmailAndProcessingIRIIIS"/>
  <testcase name="testBatchProcessingEmailIRIIIS" time="7.308" classname="iriiisMailTestCases.VerifySendingEmailAndProcessingIRIIIS"/>
</testsuite> <!-- iriiisMailTestCases.VerifySendingEmailAndProcessingIRIIIS -->
