<?xml version="1.0" encoding="UTF-8"?>
<!-- Generated by org.testng.reporters.JUnitReportReporter -->
<testsuite hostname="LAPTOP-1D78PSH8" name="iriiisMailTestCases.VerifyTagToTopicIRIIIS" tests="2" failures="0" timestamp="20 Jul 2017 11:53:19 GMT" time="41.826" errors="0">
  <testcase name="testBatchTagToTopicIRIIIS" time="21.266" classname="iriiisMailTestCases.VerifyTagToTopicIRIIIS"/>
  <testcase name="testTagToTopicIRIIIS" time="20.560" classname="iriiisMailTestCases.VerifyTagToTopicIRIIIS"/>
</testsuite> <!-- iriiisMailTestCases.VerifyTagToTopicIRIIIS -->
