<?xml version="1.0" encoding="UTF-8"?>
<!-- Generated by org.testng.reporters.JUnitReportReporter -->
<testsuite hostname="LAPTOP-1D78PSH8" name="GmailTestCases.VerifySendingEmailAndProcessingGmail" tests="5" failures="0" timestamp="26 Jul 2017 03:53:02 GMT" time="50.402" errors="0">
  <testcase name="testBatchUnProcessingEmailGMail" time="7.310" classname="GmailTestCases.VerifySendingEmailAndProcessingGmail"/>
  <testcase name="testProcessingEmailGMail" time="5.362" classname="GmailTestCases.VerifySendingEmailAndProcessingGmail"/>
  <testcase name="testBatchProcessingEmailGMail" time="8.188" classname="GmailTestCases.VerifySendingEmailAndProcessingGmail"/>
  <testcase name="testUnProcessingEmailGMail" time="3.953" classname="GmailTestCases.VerifySendingEmailAndProcessingGmail"/>
  <testcase name="testVerifySendingEmailGmail" time="25.589" classname="GmailTestCases.VerifySendingEmailAndProcessingGmail"/>
</testsuite> <!-- GmailTestCases.VerifySendingEmailAndProcessingGmail -->
