<?xml version="1.0" encoding="UTF-8"?>
<!-- Generated by org.testng.reporters.JUnitReportReporter -->
<testsuite hostname="LAPTOP-1D78PSH8" name="IntegratedMailViewTestCases.VerifySendingEmailAndProcessingAllAccount" tests="5" failures="0" timestamp="19 Jul 2017 11:28:08 GMT" time="54.301" errors="0">
  <testcase name="testUnProcessingEmailAllAccount" time="4.003" classname="IntegratedMailViewTestCases.VerifySendingEmailAndProcessingAllAccount"/>
  <testcase name="testProcessingEmailAllAccount" time="5.475" classname="IntegratedMailViewTestCases.VerifySendingEmailAndProcessingAllAccount"/>
  <testcase name="testBatchUnProcessingEmailAllAccount" time="14.155" classname="IntegratedMailViewTestCases.VerifySendingEmailAndProcessingAllAccount"/>
  <testcase name="testVerifySendingEmailAllAccount" time="13.521" classname="IntegratedMailViewTestCases.VerifySendingEmailAndProcessingAllAccount"/>
  <testcase name="testBatchProcessingEmailAllAccount" time="17.147" classname="IntegratedMailViewTestCases.VerifySendingEmailAndProcessingAllAccount"/>
</testsuite> <!-- IntegratedMailViewTestCases.VerifySendingEmailAndProcessingAllAccount -->
