<?xml version="1.0" encoding="UTF-8"?>
<!-- Generated by org.testng.reporters.JUnitReportReporter -->
<testsuite hostname="LAPTOP-1D78PSH8" name="GmailTestCases.VerifySendingEmailAndProcessingGmail" tests="5" failures="0" timestamp="2 Aug 2017 06:16:01 GMT" time="47.406" errors="0">
  <testcase name="testUnProcessingEmailGMail" time="4.023" classname="GmailTestCases.VerifySendingEmailAndProcessingGmail"/>
  <testcase name="testVerifySendingEmailGmail" time="25.076" classname="GmailTestCases.VerifySendingEmailAndProcessingGmail"/>
  <testcase name="testBatchProcessingEmailGMail" time="6.161" classname="GmailTestCases.VerifySendingEmailAndProcessingGmail"/>
  <testcase name="testProcessingEmailGMail" time="4.973" classname="GmailTestCases.VerifySendingEmailAndProcessingGmail"/>
  <testcase name="testBatchUnProcessingEmailGMail" time="7.173" classname="GmailTestCases.VerifySendingEmailAndProcessingGmail"/>
</testsuite> <!-- GmailTestCases.VerifySendingEmailAndProcessingGmail -->
