<?xml version="1.0" encoding="UTF-8"?>
<!-- Generated by org.testng.reporters.JUnitReportReporter -->
<testsuite hostname="LAPTOP-1D78PSH8" name="IntegratedMailViewTestCases.VerifySpamAllAccount" tests="4" failures="0" timestamp="25 Jul 2017 07:57:22 GMT" time="18.874" errors="0">
  <testcase name="testBatchMovetoInboxOfSpamAllAccount" time="5.806" classname="IntegratedMailViewTestCases.VerifySpamAllAccount"/>
  <testcase name="testMarkAsNotSpamAllAccount" time="3.325" classname="IntegratedMailViewTestCases.VerifySpamAllAccount"/>
  <testcase name="testMoveToSpamAllAccount" time="5.206" classname="IntegratedMailViewTestCases.VerifySpamAllAccount"/>
  <testcase name="testBatchMovetoSpamAllAccount" time="4.537" classname="IntegratedMailViewTestCases.VerifySpamAllAccount"/>
</testsuite> <!-- IntegratedMailViewTestCases.VerifySpamAllAccount -->
