<?xml version="1.0" encoding="UTF-8"?>
<!-- Generated by org.testng.reporters.JUnitReportReporter -->
<testsuite hostname="LAPTOP-S0NUHBFQ" name="IriiisDrive.VerifyFilesTrashAndUntrash" tests="1" failures="0" timestamp="31 Jul 2017 11:31:48 GMT" time="28.268" errors="0">
  <testcase name="VerifyOnedriveFileTrash" time="28.268" classname="IriiisDrive.VerifyFilesTrashAndUntrash"/>
</testsuite> <!-- IriiisDrive.VerifyFilesTrashAndUntrash -->
