<?xml version="1.0" encoding="UTF-8"?>
<!-- Generated by org.testng.reporters.JUnitReportReporter -->
<testsuite hostname="LAPTOP-S0NUHBFQ" name="IriiisDrive.VerifyTheFileDeletes" tests="3" failures="0" timestamp="1 Aug 2017 10:43:20 GMT" time="61.559" errors="0">
  <testcase name="VerifyBoxdriveFileDelete" time="18.249" classname="IriiisDrive.VerifyTheFileDeletes"/>
  <testcase name="VerifyIriiisFileDelete" time="25.068" classname="IriiisDrive.VerifyTheFileDeletes"/>
  <testcase name="VerifygoogleFileDelete" time="18.242" classname="IriiisDrive.VerifyTheFileDeletes"/>
</testsuite> <!-- IriiisDrive.VerifyTheFileDeletes -->
