<?xml version="1.0" encoding="UTF-8"?>
<!-- Generated by org.testng.reporters.JUnitReportReporter -->
<testsuite hostname="LAPTOP-1D78PSH8" name="GmailTestCases.VerifyTashGmail" tests="6" failures="0" timestamp="1 Aug 2017 08:49:21 GMT" time="51.904" errors="0">
  <testcase name="testMovetoInboxOfTrashEmailGmail" time="16.466" classname="GmailTestCases.VerifyTashGmail"/>
  <testcase name="testBatchMoveToTrashGmail" time="5.272" classname="GmailTestCases.VerifyTashGmail"/>
  <testcase name="testDeleteForeverGmail" time="5.770" classname="GmailTestCases.VerifyTashGmail"/>
  <testcase name="testMoveToTrashGmail" time="16.856" classname="GmailTestCases.VerifyTashGmail"/>
  <testcase name="testBatchMovetoInboxOfTrashGmail" time="7.539" classname="GmailTestCases.VerifyTashGmail"/>
  <testcase name="testBatchDeleteForeverGmail" time="0.001" classname="GmailTestCases.VerifyTashGmail"/>
</testsuite> <!-- GmailTestCases.VerifyTashGmail -->
