<?xml version="1.0" encoding="UTF-8"?>
<!-- Generated by org.testng.reporters.JUnitReportReporter -->
<testsuite hostname="LAPTOP-1D78PSH8" name="emailTestCases.VerifySpam" tests="4" failures="0" timestamp="18 Jul 2017 10:22:20 GMT" time="26.268" errors="0">
  <testcase name="testMoveToSpam" time="4.967" classname="emailTestCases.VerifySpam"/>
  <testcase name="TestBatchMovetoSpamOfEmail" time="9.395" classname="emailTestCases.VerifySpam"/>
  <testcase name="testMarkAsNotSpam" time="3.215" classname="emailTestCases.VerifySpam"/>
  <testcase name="TestBatchMovetoInboxOfSpamEmail" time="8.691" classname="emailTestCases.VerifySpam"/>
</testsuite> <!-- emailTestCases.VerifySpam -->
