<?xml version="1.0" encoding="UTF-8"?>
<!-- Generated by org.testng.reporters.JUnitReportReporter -->
<testsuite hostname="LAPTOP-1D78PSH8" name="contactTestCases.VerifyContactDuplicate" tests="8" failures="0" timestamp="2 Aug 2017 12:14:16 GMT" time="93.280" errors="0">
  <testcase name="testExportContact" time="8.650" classname="contactTestCases.VerifyContactDuplicate"/>
  <testcase name="testSortByName" time="5.676" classname="contactTestCases.VerifyContactDuplicate"/>
  <testcase name="testImportGoogleCSVContact" time="17.537" classname="contactTestCases.VerifyContactDuplicate"/>
  <testcase name="testImportVCFContact" time="17.267" classname="contactTestCases.VerifyContactDuplicate"/>
  <testcase name="testDuplicateContact" time="2.687" classname="contactTestCases.VerifyContactDuplicate"/>
  <testcase name="testSortByRecency" time="6.580" classname="contactTestCases.VerifyContactDuplicate"/>
  <testcase name="testImportOutlookCSVContact" time="17.368" classname="contactTestCases.VerifyContactDuplicate"/>
  <testcase name="testImportCSVContact" time="17.515" classname="contactTestCases.VerifyContactDuplicate"/>
</testsuite> <!-- contactTestCases.VerifyContactDuplicate -->
