<?xml version="1.0" encoding="UTF-8"?>
<!-- Generated by org.testng.reporters.JUnitReportReporter -->
<testsuite hostname="LAPTOP-1D78PSH8" name="IntegratedMailViewTestCases.VerifySpamAllAccount" tests="4" failures="0" timestamp="20 Jul 2017 10:48:55 GMT" time="19.035" errors="0">
  <testcase name="testBatchMovetoInboxOfSpamAllAccount" time="7.767" classname="IntegratedMailViewTestCases.VerifySpamAllAccount"/>
  <testcase name="testMarkAsNotSpamAllAccount" time="2.655" classname="IntegratedMailViewTestCases.VerifySpamAllAccount"/>
  <testcase name="testBatchMovetoSpamAllAccount" time="4.701" classname="IntegratedMailViewTestCases.VerifySpamAllAccount"/>
  <testcase name="testMoveToSpamAllAccount" time="3.912" classname="IntegratedMailViewTestCases.VerifySpamAllAccount"/>
</testsuite> <!-- IntegratedMailViewTestCases.VerifySpamAllAccount -->
