<?xml version="1.0" encoding="UTF-8"?>
<!-- Generated by org.testng.reporters.JUnitReportReporter -->
<testsuite hostname="LAPTOP-1D78PSH8" name="IntegratedMailViewTestCases.VerifyTagToTopicAllAccount" tests="2" failures="0" timestamp="20 Jul 2017 05:23:49 GMT" time="24.039" errors="0">
  <testcase name="testBatchTagToTopicAllAccount" time="13.392" classname="IntegratedMailViewTestCases.VerifyTagToTopicAllAccount"/>
  <testcase name="testTagToTopicAllAccount" time="10.647" classname="IntegratedMailViewTestCases.VerifyTagToTopicAllAccount"/>
</testsuite> <!-- IntegratedMailViewTestCases.VerifyTagToTopicAllAccount -->
